#
# There is insufficient memory for the Java Runtime Environment to continue.
# Native memory allocation (mmap) failed to map 50331648 bytes for G1 virtual space
# Possible reasons:
#   The system is out of physical RAM or swap space
#   The process is running with CompressedOops enabled, and the Java Heap may be blocking the growth of the native heap
# Possible solutions:
#   Reduce memory load on the system
#   Increase physical memory or swap space
#   Check if swap backing store is full
#   Decrease Java heap size (-Xmx/-Xms)
#   Decrease number of Java threads
#   Decrease Java thread stack sizes (-Xss)
#   Set larger code cache with -XX:ReservedCodeCacheSize=
#   JVM is running with Unscaled Compressed Oops mode in which the Java heap is
#     placed in the first 4GB address space. The Java Heap base address is the
#     maximum limit for the native heap growth. Please use -XX:HeapBaseMinAddress
#     to set the Java Heap base and to place the Java Heap above 4GB virtual address.
# This output file may be truncated or incomplete.
#
#  Out of Memory Error (os_windows.cpp:3527), pid=16064, tid=768
#
# JRE version: Java(TM) SE Runtime Environment (19.0.1+10) (build 19.0.1+10-21)
# Java VM: Java HotSpot(TM) 64-Bit Server VM (19.0.1+10-21, mixed mode, emulated-client, sharing, tiered, compressed oops, compressed class ptrs, g1 gc, windows-amd64)
# No core dump will be written. Minidumps are not enabled by default on client versions of Windows
#

---------------  S U M M A R Y ------------

Command Line: -XX:TieredStopAtLevel=1 -Dspring.output.ansi.enabled=always -Dcom.sun.management.jmxremote -Dspring.jmx.enabled=true -Dspring.liveBeansView.mbeanDomain -Dspring.application.admin.enabled=true -Dmanagement.endpoints.jmx.exposure.include=* -javaagent:C:\Program Files\JetBrains\IntelliJ IDEA 2024.1.2\lib\idea_rt.jar=58361:C:\Program Files\JetBrains\IntelliJ IDEA 2024.1.2\bin -Dfile.encoding=UTF-8 -Dsun.stdout.encoding=UTF-8 -Dsun.stderr.encoding=UTF-8 com.ecommerce.SpringBootEcommerceApplication

Host: Intel(R) Core(TM) i7-8550U CPU @ 1.80GHz, 8 cores, 7G,  Windows 11 , 64 bit Build 22621 (10.0.22621.3527)
Time: Sun Jun  2 20:07:39 2024 Egypt Daylight Time elapsed time: 3723.218084 seconds (0d 1h 2m 3s)

---------------  T H R E A D  ---------------

Current thread (0x00000281195e1e40):  VMThread "VM Thread" [stack: 0x000000bdd3800000,0x000000bdd3900000] [id=768]

Stack: [0x000000bdd3800000,0x000000bdd3900000]
Native frames: (J=compiled Java code, j=interpreted, Vv=VM code, C=native code)
V  [jvm.dll+0x6ee8fa]
V  [jvm.dll+0x857a1e]
V  [jvm.dll+0x85940e]
V  [jvm.dll+0x859ac3]
V  [jvm.dll+0x28291f]
V  [jvm.dll+0x6eb6e9]
V  [jvm.dll+0x6e028a]
V  [jvm.dll+0x357136]
V  [jvm.dll+0x35eb96]
V  [jvm.dll+0x3b555e]
V  [jvm.dll+0x3b578f]
V  [jvm.dll+0x32c6ea]
V  [jvm.dll+0x32c797]
V  [jvm.dll+0x374b52]
V  [jvm.dll+0x37328f]
V  [jvm.dll+0x32bf10]
V  [jvm.dll+0x37282b]
V  [jvm.dll+0x85ef83]
V  [jvm.dll+0x85fd49]
V  [jvm.dll+0x86027d]
V  [jvm.dll+0x86070b]
V  [jvm.dll+0x8607c7]
V  [jvm.dll+0x8015fa]
V  [jvm.dll+0x6ed5eb]
C  [ucrtbase.dll+0x29333]
C  [KERNEL32.DLL+0x1257d]
C  [ntdll.dll+0x5aa48]

VM_Operation (0x000000bdd56fc280): G1CollectForAllocation, mode: safepoint, requested by thread 0x000002811f179750


---------------  P R O C E S S  ---------------

Threads class SMR info:
_java_thread_list=0x000002811f94a0d0, length=30, elements={
0x00000281195f8c90, 0x00000281195f9a80, 0x00000281195fa870, 0x00000281195fd570,
0x0000028119603660, 0x0000028119603f90, 0x00000281196048c0, 0x000002811960a4f0,
0x00000281195cbf90, 0x000002811dc57610, 0x000002811de71070, 0x000002811dfc8390,
0x000002811f17e140, 0x000002811f179210, 0x000002811f179750, 0x000002811f227070,
0x000002811f2275c0, 0x000002811f224b40, 0x000002811f226b20, 0x000002811f2240a0,
0x000002811f225090, 0x000002811f2265d0, 0x000002811f2245f0, 0x000002811f2255e0,
0x000002811f226080, 0x000002811f225b30, 0x000002811f3b45c0, 0x000002811f3b7590,
0x000002811f3b5060, 0x000002811f3b9020
}

Java Threads: ( => current thread )
  0x00000281195f8c90 JavaThread "Reference Handler" daemon [_thread_blocked, id=16648, stack(0x000000bdd3900000,0x000000bdd3a00000)]
  0x00000281195f9a80 JavaThread "Finalizer" daemon [_thread_blocked, id=9756, stack(0x000000bdd3a00000,0x000000bdd3b00000)]
  0x00000281195fa870 JavaThread "Signal Dispatcher" daemon [_thread_blocked, id=6644, stack(0x000000bdd3b00000,0x000000bdd3c00000)]
  0x00000281195fd570 JavaThread "Attach Listener" daemon [_thread_blocked, id=10816, stack(0x000000bdd3c00000,0x000000bdd3d00000)]
  0x0000028119603660 JavaThread "Service Thread" daemon [_thread_blocked, id=7204, stack(0x000000bdd3d00000,0x000000bdd3e00000)]
  0x0000028119603f90 JavaThread "Monitor Deflation Thread" daemon [_thread_blocked, id=3568, stack(0x000000bdd3e00000,0x000000bdd3f00000)]
  0x00000281196048c0 JavaThread "C1 CompilerThread0" daemon [_thread_blocked, id=8812, stack(0x000000bdd3f00000,0x000000bdd4000000)]
  0x000002811960a4f0 JavaThread "Sweeper thread" daemon [_thread_blocked, id=5344, stack(0x000000bdd4000000,0x000000bdd4100000)]
  0x00000281195cbf90 JavaThread "Common-Cleaner" daemon [_thread_blocked, id=13184, stack(0x000000bdd4100000,0x000000bdd4200000)]
  0x000002811dc57610 JavaThread "Notification Thread" daemon [_thread_blocked, id=10884, stack(0x000000bdd4500000,0x000000bdd4600000)]
  0x000002811de71070 JavaThread "RMI TCP Accept-0" daemon [_thread_in_native, id=14100, stack(0x000000bdd4700000,0x000000bdd4800000)]
  0x000002811dfc8390 JavaThread "RMI Scheduler(0)" daemon [_thread_blocked, id=16396, stack(0x000000bdd4a00000,0x000000bdd4b00000)]
  0x000002811f17e140 JavaThread "Catalina-utility-1" [_thread_blocked, id=15312, stack(0x000000bdd5400000,0x000000bdd5500000)]
  0x000002811f179210 JavaThread "Catalina-utility-2" [_thread_blocked, id=5104, stack(0x000000bdd5500000,0x000000bdd5600000)]
  0x000002811f179750 JavaThread "http-nio-8081-exec-1" daemon [_thread_blocked, id=7888, stack(0x000000bdd5600000,0x000000bdd5700000)]
  0x000002811f227070 JavaThread "http-nio-8081-exec-2" daemon [_thread_blocked, id=16624, stack(0x000000bdd5700000,0x000000bdd5800000)]
  0x000002811f2275c0 JavaThread "http-nio-8081-exec-3" daemon [_thread_blocked, id=10372, stack(0x000000bdd5800000,0x000000bdd5900000)]
  0x000002811f224b40 JavaThread "http-nio-8081-exec-4" daemon [_thread_blocked, id=15804, stack(0x000000bdd5900000,0x000000bdd5a00000)]
  0x000002811f226b20 JavaThread "http-nio-8081-exec-5" daemon [_thread_blocked, id=288, stack(0x000000bdd5a00000,0x000000bdd5b00000)]
  0x000002811f2240a0 JavaThread "http-nio-8081-exec-6" daemon [_thread_blocked, id=4624, stack(0x000000bdd5b00000,0x000000bdd5c00000)]
  0x000002811f225090 JavaThread "http-nio-8081-exec-7" daemon [_thread_blocked, id=11448, stack(0x000000bdd5c00000,0x000000bdd5d00000)]
  0x000002811f2265d0 JavaThread "http-nio-8081-exec-8" daemon [_thread_blocked, id=4508, stack(0x000000bdd5d00000,0x000000bdd5e00000)]
  0x000002811f2245f0 JavaThread "http-nio-8081-exec-9" daemon [_thread_blocked, id=10448, stack(0x000000bdd5e00000,0x000000bdd5f00000)]
  0x000002811f2255e0 JavaThread "http-nio-8081-exec-10" daemon [_thread_blocked, id=2024, stack(0x000000bdd5f00000,0x000000bdd6000000)]
  0x000002811f226080 JavaThread "container-0" [_thread_blocked, id=16092, stack(0x000000bdd6000000,0x000000bdd6100000)]
  0x000002811f225b30 JavaThread "mysql-cj-abandoned-connection-cleanup" daemon [_thread_blocked, id=10168, stack(0x000000bdd6100000,0x000000bdd6200000)]
  0x000002811f3b45c0 JavaThread "HikariPool-1 housekeeper" daemon [_thread_blocked, id=17300, stack(0x000000bdd6300000,0x000000bdd6400000)]
  0x000002811f3b7590 JavaThread "http-nio-8081-Poller" daemon [_thread_in_native, id=10144, stack(0x000000bdd6500000,0x000000bdd6600000)]
  0x000002811f3b5060 JavaThread "http-nio-8081-Acceptor" daemon [_thread_in_native, id=16536, stack(0x000000bdd6600000,0x000000bdd6700000)]
  0x000002811f3b9020 JavaThread "DestroyJavaVM" [_thread_blocked, id=15484, stack(0x000000bdd3200000,0x000000bdd3300000)]

Other Threads:
=>0x00000281195e1e40 VMThread "VM Thread" [stack: 0x000000bdd3800000,0x000000bdd3900000] [id=768]
  0x0000028106f96240 WatcherThread "VM Periodic Task Thread" [stack: 0x000000bdd4800000,0x000000bdd4900000] [id=12192]
  0x0000028106ff4550 WorkerThread "GC Thread#0" [stack: 0x000000bdd3300000,0x000000bdd3400000] [id=1264]
  0x000002811e1ee920 WorkerThread "GC Thread#1" [stack: 0x000000bdd4c00000,0x000000bdd4d00000] [id=2432]
  0x000002811e1eebf0 WorkerThread "GC Thread#2" [stack: 0x000000bdd4d00000,0x000000bdd4e00000] [id=6628]
  0x000002811e27e8d0 WorkerThread "GC Thread#3" [stack: 0x000000bdd4e00000,0x000000bdd4f00000] [id=13512]
  0x000002811e27eba0 WorkerThread "GC Thread#4" [stack: 0x000000bdd4f00000,0x000000bdd5000000] [id=13488]
  0x000002811e280e80 WorkerThread "GC Thread#5" [stack: 0x000000bdd5000000,0x000000bdd5100000] [id=4484]
  0x000002811e281470 WorkerThread "GC Thread#6" [stack: 0x000000bdd5100000,0x000000bdd5200000] [id=13852]
  0x000002811e282820 WorkerThread "GC Thread#7" [stack: 0x000000bdd5200000,0x000000bdd5300000] [id=1200]
  0x00000281070060d0 ConcurrentGCThread "G1 Main Marker" [stack: 0x000000bdd3400000,0x000000bdd3500000] [id=15020]
  0x0000028107006a10 WorkerThread "G1 Conc#0" [stack: 0x000000bdd3500000,0x000000bdd3600000] [id=2976]
  0x000002811e282550 WorkerThread "G1 Conc#1" [stack: 0x000000bdd4b00000,0x000000bdd4c00000] [id=9776]
  0x000002810703e0f0 ConcurrentGCThread "G1 Refine#0" [stack: 0x000000bdd3600000,0x000000bdd3700000] [id=17052]
  0x000002811949c980 ConcurrentGCThread "G1 Service" [stack: 0x000000bdd3700000,0x000000bdd3800000] [id=14996]

Threads with active compile tasks:

VM state: at safepoint (normal execution)

VM Mutex/Monitor currently owned by a thread:  ([mutex/lock_event])
[0x0000028106f925f0] Threads_lock - owner thread: 0x00000281195e1e40
[0x0000028106f90dc0] Heap_lock - owner thread: 0x000002811f179750

Heap address: 0x0000000081800000, size: 2024 MB, Compressed Oops mode: 32-bit

CDS archive(s) mapped at: [0x0000000800000000-0x0000000800c40000-0x0000000800c40000), size 12845056, SharedBaseAddress: 0x0000000800000000, ArchiveRelocationMode: 0.
Compressed class space mapped at: 0x0000000801000000-0x0000000841000000, reserved size: 1073741824
Narrow klass base: 0x0000000800000000, Narrow klass shift: 0, Narrow klass range: 0x100000000

GC Precious Log:
 CardTable entry size: 512
 Card Set container configuration: InlinePtr #cards 5 size 8 Array Of Cards #cards 12 size 40 Howl #buckets 4 coarsen threshold 1843 Howl Bitmap #cards 512 size 80 coarsen threshold 460 Card regions per heap region 1 cards per card region 2048
 CPUs: 8 total, 8 available
 Memory: 8089M
 Large Page Support: Disabled
 NUMA Support: Disabled
 Compressed Oops: Enabled (32-bit)
 Heap Region Size: 1M
 Heap Min Capacity: 8M
 Heap Initial Capacity: 128M
 Heap Max Capacity: 2024M
 Pre-touch: Disabled
 Parallel Workers: 8
 Concurrent Workers: 2
 Concurrent Refinement Workers: 8
 Periodic GC: Disabled

Heap:
 garbage-first heap   total 75776K, used 31283K [0x0000000081800000, 0x0000000100000000)
  region size 1024K, 4 young (4096K), 4 survivors (4096K)
 Metaspace       used 62593K, committed 63424K, reserved 1114112K
  class space    used 8748K, committed 9152K, reserved 1048576K

Heap Regions: E=young(eden), S=young(survivor), O=old, HS=humongous(starts), HC=humongous(continues), CS=collection set, F=free, OA=open archive, CA=closed archive, TAMS=top-at-mark-start (previous, next)
|   0|0x0000000081800000, 0x0000000081900000, 0x0000000081900000|100%|HS|  |TAMS 0x0000000081900000, 0x0000000081800000| Complete 
|   1|0x0000000081900000, 0x0000000081a00000, 0x0000000081a00000|100%| O|  |TAMS 0x0000000081a00000, 0x0000000081900000| Untracked 
|   2|0x0000000081a00000, 0x0000000081b00000, 0x0000000081b00000|100%| O|  |TAMS 0x0000000081b00000, 0x0000000081a00000| Untracked 
|   3|0x0000000081b00000, 0x0000000081c00000, 0x0000000081c00000|100%| O|  |TAMS 0x0000000081c00000, 0x0000000081b00000| Untracked 
|   4|0x0000000081c00000, 0x0000000081d00000, 0x0000000081d00000|100%| O|  |TAMS 0x0000000081d00000, 0x0000000081c00000| Untracked 
|   5|0x0000000081d00000, 0x0000000081e00000, 0x0000000081e00000|100%| O|  |TAMS 0x0000000081e00000, 0x0000000081d00000| Untracked 
|   6|0x0000000081e00000, 0x0000000081f00000, 0x0000000081f00000|100%| O|  |TAMS 0x0000000081f00000, 0x0000000081e00000| Untracked 
|   7|0x0000000081f00000, 0x0000000082000000, 0x0000000082000000|100%| O|  |TAMS 0x0000000082000000, 0x0000000081f00000| Untracked 
|   8|0x0000000082000000, 0x0000000082100000, 0x0000000082100000|100%| O|  |TAMS 0x0000000082100000, 0x0000000082000000| Untracked 
|   9|0x0000000082100000, 0x0000000082200000, 0x0000000082200000|100%| O|  |TAMS 0x0000000082200000, 0x0000000082100000| Untracked 
|  10|0x0000000082200000, 0x0000000082300000, 0x0000000082300000|100%| O|  |TAMS 0x0000000082300000, 0x0000000082200000| Untracked 
|  11|0x0000000082300000, 0x0000000082400000, 0x0000000082400000|100%| O|  |TAMS 0x0000000082400000, 0x0000000082300000| Untracked 
|  12|0x0000000082400000, 0x0000000082500000, 0x0000000082500000|100%| O|  |TAMS 0x0000000082500000, 0x0000000082400000| Untracked 
|  13|0x0000000082500000, 0x0000000082600000, 0x0000000082600000|100%| O|  |TAMS 0x0000000082600000, 0x0000000082500000| Untracked 
|  14|0x0000000082600000, 0x0000000082700000, 0x0000000082700000|100%| O|  |TAMS 0x0000000082700000, 0x0000000082600000| Untracked 
|  15|0x0000000082700000, 0x0000000082800000, 0x0000000082800000|100%| O|  |TAMS 0x0000000082700000, 0x0000000082700000| Untracked 
|  16|0x0000000082800000, 0x0000000082900000, 0x0000000082900000|100%| O|  |TAMS 0x0000000082900000, 0x0000000082800000| Untracked 
|  17|0x0000000082900000, 0x0000000082a00000, 0x0000000082a00000|100%| O|  |TAMS 0x0000000082a00000, 0x0000000082900000| Untracked 
|  18|0x0000000082a00000, 0x0000000082b00000, 0x0000000082b00000|100%| O|  |TAMS 0x0000000082b00000, 0x0000000082a00000| Untracked 
|  19|0x0000000082b00000, 0x0000000082c00000, 0x0000000082c00000|100%| O|  |TAMS 0x0000000082c00000, 0x0000000082b00000| Untracked 
|  20|0x0000000082c00000, 0x0000000082d00000, 0x0000000082d00000|100%| O|  |TAMS 0x0000000082d00000, 0x0000000082c00000| Untracked 
|  21|0x0000000082d00000, 0x0000000082e00000, 0x0000000082e00000|100%| O|  |TAMS 0x0000000082e00000, 0x0000000082d00000| Untracked 
|  22|0x0000000082e00000, 0x0000000082f00000, 0x0000000082f00000|100%| O|  |TAMS 0x0000000082ee3200, 0x0000000082e00000| Complete 
|  23|0x0000000082f00000, 0x0000000083000000, 0x0000000083000000|100%| O|  |TAMS 0x0000000082f00000, 0x0000000082f00000| Untracked 
|  24|0x0000000083000000, 0x0000000083100000, 0x0000000083100000|100%| O|  |TAMS 0x0000000083000000, 0x0000000083000000| Untracked 
|  25|0x0000000083100000, 0x0000000083200000, 0x0000000083200000|100%| O|  |TAMS 0x0000000083100000, 0x0000000083100000| Untracked 
|  26|0x0000000083200000, 0x00000000832d4000, 0x0000000083300000| 82%| O|  |TAMS 0x0000000083200000, 0x0000000083200000| Untracked 
|  27|0x0000000083300000, 0x0000000083300000, 0x0000000083400000|  0%| F|  |TAMS 0x0000000083300000, 0x0000000083300000| Untracked 
|  28|0x0000000083400000, 0x0000000083400000, 0x0000000083500000|  0%| F|  |TAMS 0x0000000083400000, 0x0000000083400000| Untracked 
|  29|0x0000000083500000, 0x0000000083500000, 0x0000000083600000|  0%| F|  |TAMS 0x0000000083500000, 0x0000000083500000| Untracked 
|  30|0x0000000083600000, 0x0000000083600000, 0x0000000083700000|  0%| F|  |TAMS 0x0000000083600000, 0x0000000083600000| Untracked 
|  31|0x0000000083700000, 0x0000000083700000, 0x0000000083800000|  0%| F|  |TAMS 0x0000000083700000, 0x0000000083700000| Untracked 
|  32|0x0000000083800000, 0x0000000083800000, 0x0000000083900000|  0%| F|  |TAMS 0x0000000083800000, 0x0000000083800000| Untracked 
|  33|0x0000000083900000, 0x0000000083900000, 0x0000000083a00000|  0%| F|  |TAMS 0x0000000083900000, 0x0000000083900000| Untracked 
|  34|0x0000000083a00000, 0x0000000083a00000, 0x0000000083b00000|  0%| F|  |TAMS 0x0000000083a00000, 0x0000000083a00000| Untracked 
|  35|0x0000000083b00000, 0x0000000083b00000, 0x0000000083c00000|  0%| F|  |TAMS 0x0000000083b00000, 0x0000000083b00000| Untracked 
|  36|0x0000000083c00000, 0x0000000083c00000, 0x0000000083d00000|  0%| F|  |TAMS 0x0000000083c00000, 0x0000000083c00000| Untracked 
|  37|0x0000000083d00000, 0x0000000083d00000, 0x0000000083e00000|  0%| F|  |TAMS 0x0000000083d00000, 0x0000000083d00000| Untracked 
|  38|0x0000000083e00000, 0x0000000083e00000, 0x0000000083f00000|  0%| F|  |TAMS 0x0000000083e00000, 0x0000000083e00000| Untracked 
|  39|0x0000000083f00000, 0x0000000083f00000, 0x0000000084000000|  0%| F|  |TAMS 0x0000000083f00000, 0x0000000083f00000| Untracked 
|  40|0x0000000084000000, 0x00000000840b8e58, 0x0000000084100000| 72%| S|CS|TAMS 0x0000000084000000, 0x0000000084000000| Complete 
|  41|0x0000000084100000, 0x0000000084200000, 0x0000000084200000|100%| S|CS|TAMS 0x0000000084100000, 0x0000000084100000| Complete 
|  42|0x0000000084200000, 0x0000000084300000, 0x0000000084300000|100%| S|CS|TAMS 0x0000000084200000, 0x0000000084200000| Complete 
|  43|0x0000000084300000, 0x0000000084400000, 0x0000000084400000|100%| S|CS|TAMS 0x0000000084300000, 0x0000000084300000| Complete 
|  44|0x0000000084400000, 0x0000000084400000, 0x0000000084500000|  0%| F|  |TAMS 0x0000000084400000, 0x0000000084400000| Untracked 
|  45|0x0000000084500000, 0x0000000084500000, 0x0000000084600000|  0%| F|  |TAMS 0x0000000084500000, 0x0000000084500000| Untracked 
|  46|0x0000000084600000, 0x0000000084600000, 0x0000000084700000|  0%| F|  |TAMS 0x0000000084600000, 0x0000000084600000| Untracked 
|  47|0x0000000084700000, 0x0000000084700000, 0x0000000084800000|  0%| F|  |TAMS 0x0000000084700000, 0x0000000084700000| Untracked 
|  48|0x0000000084800000, 0x0000000084800000, 0x0000000084900000|  0%| F|  |TAMS 0x0000000084800000, 0x0000000084800000| Untracked 
|  49|0x0000000084900000, 0x0000000084900000, 0x0000000084a00000|  0%| F|  |TAMS 0x0000000084900000, 0x0000000084900000| Untracked 
|  50|0x0000000084a00000, 0x0000000084a00000, 0x0000000084b00000|  0%| F|  |TAMS 0x0000000084a00000, 0x0000000084a00000| Untracked 
|  51|0x0000000084b00000, 0x0000000084b00000, 0x0000000084c00000|  0%| F|  |TAMS 0x0000000084b00000, 0x0000000084b00000| Untracked 
|  52|0x0000000084c00000, 0x0000000084c00000, 0x0000000084d00000|  0%| F|  |TAMS 0x0000000084c00000, 0x0000000084c00000| Untracked 
|  53|0x0000000084d00000, 0x0000000084d00000, 0x0000000084e00000|  0%| F|  |TAMS 0x0000000084d00000, 0x0000000084d00000| Untracked 
|  54|0x0000000084e00000, 0x0000000084e00000, 0x0000000084f00000|  0%| F|  |TAMS 0x0000000084e00000, 0x0000000084e00000| Untracked 
|  55|0x0000000084f00000, 0x0000000084f00000, 0x0000000085000000|  0%| F|  |TAMS 0x0000000084f00000, 0x0000000084f00000| Untracked 
|  56|0x0000000085000000, 0x0000000085000000, 0x0000000085100000|  0%| F|  |TAMS 0x0000000085000000, 0x0000000085000000| Untracked 
|  57|0x0000000085100000, 0x0000000085100000, 0x0000000085200000|  0%| F|  |TAMS 0x0000000085100000, 0x0000000085100000| Untracked 
|  58|0x0000000085200000, 0x0000000085200000, 0x0000000085300000|  0%| F|  |TAMS 0x0000000085200000, 0x0000000085200000| Untracked 
|  59|0x0000000085300000, 0x0000000085300000, 0x0000000085400000|  0%| F|  |TAMS 0x0000000085300000, 0x0000000085300000| Untracked 
|  60|0x0000000085400000, 0x0000000085400000, 0x0000000085500000|  0%| F|  |TAMS 0x0000000085400000, 0x0000000085400000| Untracked 
|  61|0x0000000085500000, 0x0000000085500000, 0x0000000085600000|  0%| F|  |TAMS 0x0000000085500000, 0x0000000085500000| Untracked 
|  62|0x0000000085600000, 0x0000000085600000, 0x0000000085700000|  0%| F|  |TAMS 0x0000000085600000, 0x0000000085600000| Untracked 
|  63|0x0000000085700000, 0x0000000085700000, 0x0000000085800000|  0%| F|  |TAMS 0x0000000085700000, 0x0000000085700000| Untracked 
|  64|0x0000000085800000, 0x0000000085800000, 0x0000000085900000|  0%| F|  |TAMS 0x0000000085800000, 0x0000000085800000| Untracked 
|  65|0x0000000085900000, 0x0000000085900000, 0x0000000085a00000|  0%| F|  |TAMS 0x0000000085900000, 0x0000000085900000| Untracked 
|  66|0x0000000085a00000, 0x0000000085a00000, 0x0000000085b00000|  0%| F|  |TAMS 0x0000000085a00000, 0x0000000085a00000| Untracked 
|  67|0x0000000085b00000, 0x0000000085b00000, 0x0000000085c00000|  0%| F|  |TAMS 0x0000000085b00000, 0x0000000085b00000| Untracked 
|  68|0x0000000085c00000, 0x0000000085c00000, 0x0000000085d00000|  0%| F|  |TAMS 0x0000000085c00000, 0x0000000085c00000| Untracked 
|  69|0x0000000085d00000, 0x0000000085d00000, 0x0000000085e00000|  0%| F|  |TAMS 0x0000000085d00000, 0x0000000085d00000| Untracked 
|  70|0x0000000085e00000, 0x0000000085e00000, 0x0000000085f00000|  0%| F|  |TAMS 0x0000000085e00000, 0x0000000085e00000| Untracked 
|  71|0x0000000085f00000, 0x0000000085f00000, 0x0000000086000000|  0%| F|  |TAMS 0x0000000085f00000, 0x0000000085f00000| Untracked 
|  72|0x0000000086000000, 0x0000000086000000, 0x0000000086100000|  0%| F|  |TAMS 0x0000000086000000, 0x0000000086000000| Untracked 
| 127|0x0000000089700000, 0x0000000089700000, 0x0000000089800000|  0%| F|  |TAMS 0x0000000089700000, 0x0000000089700000| Untracked 

Card table byte_map: [0x00000281123f0000,0x00000281127f0000] _byte_map_base: 0x0000028111fe4000

Marking Bits (Prev, Next): (CMBitMap*) 0x0000028106ff5ae0, (CMBitMap*) 0x0000028106ff5aa0
 Prev Bits: [0x0000028114b90000, 0x0000028116b30000)
 Next Bits: [0x0000028112bf0000, 0x0000028114b90000)

Polling page: 0x0000028106740000

Metaspace:

Usage:
  Non-class:     52.58 MB used.
      Class:      8.54 MB used.
       Both:     61.13 MB used.

Virtual space:
  Non-class space:       64.00 MB reserved,      53.00 MB ( 83%) committed,  1 nodes.
      Class space:        1.00 GB reserved,       8.94 MB ( <1%) committed,  1 nodes.
             Both:        1.06 GB reserved,      61.94 MB (  6%) committed. 

Chunk freelists:
   Non-Class:  2.50 MB
       Class:  2.92 MB
        Both:  5.42 MB

MaxMetaspaceSize: unlimited
CompressedClassSpaceSize: 1.00 GB
Initial GC threshold: 21.00 MB
Current GC threshold: 99.06 MB
CDS: on
MetaspaceReclaimPolicy: balanced
 - commit_granule_bytes: 65536.
 - commit_granule_words: 8192.
 - virtual_space_node_default_size: 8388608.
 - enlarge_chunks_in_place: 1.
 - new_chunks_are_fully_committed: 0.
 - uncommit_free_chunks: 1.
 - use_allocation_guard: 0.


Internal statistics:

num_allocs_failed_limit: 9.
num_arena_births: 1182.
num_arena_deaths: 0.
num_vsnodes_births: 2.
num_vsnodes_deaths: 0.
num_space_committed: 991.
num_space_uncommitted: 0.
num_chunks_returned_to_freelist: 9.
num_chunks_taken_from_freelist: 3383.
num_chunk_merges: 9.
num_chunk_splits: 2495.
num_chunks_enlarged: 1973.
num_inconsistent_stats: 0.

CodeCache: size=49152Kb used=10208Kb max_used=11473Kb free=38943Kb
 bounds [0x000002810eee0000, 0x000002810fa20000, 0x0000028111ee0000]
 total_blobs=6427 nmethods=5739 adapters=612
 compilation: enabled
              stopped_count=0, restarted_count=0
 full_count=0

Compilation events (20 events):
Event: 3600.350 Thread 0x00000281196048c0 5725       1       com.mysql.cj.conf.StringProperty::getStringValue (8 bytes)
Event: 3600.350 Thread 0x00000281196048c0 nmethod 5725 0x000002810f044510 code [0x000002810f0446a0, 0x000002810f044798]
Event: 3600.354 Thread 0x00000281196048c0 5726       1       com.mysql.cj.protocol.a.NativeServerSession::getServerVariable (14 bytes)
Event: 3600.354 Thread 0x00000281196048c0 nmethod 5726 0x000002810f044190 code [0x000002810f044340, 0x000002810f044468]
Event: 3723.081 Thread 0x00000281196048c0 5731       1       java.lang.invoke.LambdaForm$Name::<init> (14 bytes)
Event: 3723.082 Thread 0x00000281196048c0 nmethod 5731 0x000002810f041990 code [0x000002810f041b40, 0x000002810f041cc8]
Event: 3723.087 Thread 0x00000281196048c0 5733       1       java.nio.HeapByteBuffer::put (17 bytes)
Event: 3723.087 Thread 0x00000281196048c0 nmethod 5733 0x000002810f041290 code [0x000002810f041420, 0x000002810f041558]
Event: 3723.087 Thread 0x00000281196048c0 5734   !   1       org.apache.tomcat.util.http.parser.HttpParser::isControl (9 bytes)
Event: 3723.087 Thread 0x00000281196048c0 nmethod 5734 0x000002810f040f10 code [0x000002810f0410a0, 0x000002810f0411b8]
Event: 3723.090 Thread 0x00000281196048c0 5735       1       java.io.StringReader::ensureOpen (18 bytes)
Event: 3723.090 Thread 0x00000281196048c0 nmethod 5735 0x000002810f040b10 code [0x000002810f040cc0, 0x000002810f040e28]
Event: 3723.133 Thread 0x00000281196048c0 5736 %     1       java.util.Properties$LineReader::readLine @ 293 (584 bytes)
Event: 3723.135 Thread 0x00000281196048c0 nmethod 5736% 0x000002810f03eb10 code [0x000002810f03eda0, 0x000002810f040138]
Event: 3723.179 Thread 0x00000281196048c0 5737       1       java.lang.invoke.BoundMethodHandle$Species_LL::speciesData (4 bytes)
Event: 3723.179 Thread 0x00000281196048c0 nmethod 5737 0x000002810f03e810 code [0x000002810f03e9a0, 0x000002810f03ea78]
Event: 3723.179 Thread 0x00000281196048c0 5738       1       org.springframework.boot.ansi.AnsiStyle::toString (5 bytes)
Event: 3723.179 Thread 0x00000281196048c0 nmethod 5738 0x000002810f03e510 code [0x000002810f03e6a0, 0x000002810f03e758]
Event: 3723.185 Thread 0x00000281196048c0 5739       1       org.apache.tomcat.util.http.MimeHeaderField::getName (5 bytes)
Event: 3723.185 Thread 0x00000281196048c0 nmethod 5739 0x000002810f03e210 code [0x000002810f03e3a0, 0x000002810f03e458]

GC Heap History (20 events):
Event: 2.388 GC heap after
{Heap after GC invocations=3 (full 0):
 garbage-first heap   total 131072K, used 13564K [0x0000000081800000, 0x0000000100000000)
  region size 1024K, 6 young (6144K), 6 survivors (6144K)
 Metaspace       used 21134K, committed 21504K, reserved 1114112K
  class space    used 2720K, committed 2880K, reserved 1048576K
}
Event: 2.866 GC heap before
{Heap before GC invocations=4 (full 0):
 garbage-first heap   total 51200K, used 38140K [0x0000000081800000, 0x0000000100000000)
  region size 1024K, 30 young (30720K), 6 survivors (6144K)
 Metaspace       used 24536K, committed 24960K, reserved 1114112K
  class space    used 3233K, committed 3456K, reserved 1048576K
}
Event: 2.878 GC heap after
{Heap after GC invocations=5 (full 0):
 garbage-first heap   total 51200K, used 15571K [0x0000000081800000, 0x0000000100000000)
  region size 1024K, 3 young (3072K), 3 survivors (3072K)
 Metaspace       used 24536K, committed 24960K, reserved 1114112K
  class space    used 3233K, committed 3456K, reserved 1048576K
}
Event: 2.899 GC heap before
{Heap before GC invocations=5 (full 0):
 garbage-first heap   total 51200K, used 16595K [0x0000000081800000, 0x0000000100000000)
  region size 1024K, 4 young (4096K), 3 survivors (3072K)
 Metaspace       used 24783K, committed 25216K, reserved 1114112K
  class space    used 3256K, committed 3456K, reserved 1048576K
}
Event: 2.904 GC heap after
{Heap after GC invocations=6 (full 0):
 garbage-first heap   total 51200K, used 15749K [0x0000000081800000, 0x0000000100000000)
  region size 1024K, 1 young (1024K), 1 survivors (1024K)
 Metaspace       used 24783K, committed 25216K, reserved 1114112K
  class space    used 3256K, committed 3456K, reserved 1048576K
}
Event: 3.225 GC heap before
{Heap before GC invocations=6 (full 0):
 garbage-first heap   total 51200K, used 34181K [0x0000000081800000, 0x0000000100000000)
  region size 1024K, 20 young (20480K), 1 survivors (1024K)
 Metaspace       used 27740K, committed 28288K, reserved 1114112K
  class space    used 3695K, committed 3968K, reserved 1048576K
}
Event: 3.230 GC heap after
{Heap after GC invocations=7 (full 0):
 garbage-first heap   total 86016K, used 17626K [0x0000000081800000, 0x0000000100000000)
  region size 1024K, 3 young (3072K), 3 survivors (3072K)
 Metaspace       used 27740K, committed 28288K, reserved 1114112K
  class space    used 3695K, committed 3968K, reserved 1048576K
}
Event: 3.954 GC heap before
{Heap before GC invocations=7 (full 0):
 garbage-first heap   total 86016K, used 52442K [0x0000000081800000, 0x0000000100000000)
  region size 1024K, 39 young (39936K), 3 survivors (3072K)
 Metaspace       used 35529K, committed 36096K, reserved 1114112K
  class space    used 4644K, committed 4864K, reserved 1048576K
}
Event: 3.962 GC heap after
{Heap after GC invocations=8 (full 0):
 garbage-first heap   total 86016K, used 20509K [0x0000000081800000, 0x0000000100000000)
  region size 1024K, 6 young (6144K), 6 survivors (6144K)
 Metaspace       used 35529K, committed 36096K, reserved 1114112K
  class space    used 4644K, committed 4864K, reserved 1048576K
}
Event: 4.769 GC heap before
{Heap before GC invocations=9 (full 0):
 garbage-first heap   total 75776K, used 59421K [0x0000000081800000, 0x0000000100000000)
  region size 1024K, 44 young (45056K), 6 survivors (6144K)
 Metaspace       used 45341K, committed 45888K, reserved 1114112K
  class space    used 6082K, committed 6336K, reserved 1048576K
}
Event: 4.775 GC heap after
{Heap after GC invocations=10 (full 0):
 garbage-first heap   total 75776K, used 22996K [0x0000000081800000, 0x0000000100000000)
  region size 1024K, 6 young (6144K), 6 survivors (6144K)
 Metaspace       used 45341K, committed 45888K, reserved 1114112K
  class space    used 6082K, committed 6336K, reserved 1048576K
}
Event: 4.795 GC heap before
{Heap before GC invocations=10 (full 0):
 garbage-first heap   total 75776K, used 24020K [0x0000000081800000, 0x0000000100000000)
  region size 1024K, 7 young (7168K), 6 survivors (6144K)
 Metaspace       used 45576K, committed 46144K, reserved 1114112K
  class space    used 6121K, committed 6400K, reserved 1048576K
}
Event: 4.800 GC heap after
{Heap after GC invocations=11 (full 0):
 garbage-first heap   total 75776K, used 23028K [0x0000000081800000, 0x0000000100000000)
  region size 1024K, 1 young (1024K), 1 survivors (1024K)
 Metaspace       used 45576K, committed 46144K, reserved 1114112K
  class space    used 6121K, committed 6400K, reserved 1048576K
}
Event: 5.511 GC heap before
{Heap before GC invocations=11 (full 0):
 garbage-first heap   total 75776K, used 55796K [0x0000000081800000, 0x0000000100000000)
  region size 1024K, 34 young (34816K), 1 survivors (1024K)
 Metaspace       used 54759K, committed 55360K, reserved 1114112K
  class space    used 7592K, committed 7872K, reserved 1048576K
}
Event: 5.515 GC heap after
{Heap after GC invocations=12 (full 0):
 garbage-first heap   total 75776K, used 24233K [0x0000000081800000, 0x0000000100000000)
  region size 1024K, 3 young (3072K), 3 survivors (3072K)
 Metaspace       used 54759K, committed 55360K, reserved 1114112K
  class space    used 7592K, committed 7872K, reserved 1048576K
}
Event: 6.039 GC heap before
{Heap before GC invocations=12 (full 0):
 garbage-first heap   total 75776K, used 57001K [0x0000000081800000, 0x0000000100000000)
  region size 1024K, 35 young (35840K), 3 survivors (3072K)
 Metaspace       used 59210K, committed 59968K, reserved 1114112K
  class space    used 8209K, committed 8576K, reserved 1048576K
}
Event: 6.044 GC heap after
{Heap after GC invocations=13 (full 0):
 garbage-first heap   total 75776K, used 27532K [0x0000000081800000, 0x0000000100000000)
  region size 1024K, 5 young (5120K), 5 survivors (5120K)
 Metaspace       used 59210K, committed 59968K, reserved 1114112K
  class space    used 8209K, committed 8576K, reserved 1048576K
}
Event: 6.112 GC heap before
{Heap before GC invocations=13 (full 0):
 garbage-first heap   total 75776K, used 30604K [0x0000000081800000, 0x0000000100000000)
  region size 1024K, 9 young (9216K), 5 survivors (5120K)
 Metaspace       used 59953K, committed 60608K, reserved 1114112K
  class space    used 8316K, committed 8640K, reserved 1048576K
}
Event: 6.117 GC heap after
{Heap after GC invocations=14 (full 0):
 garbage-first heap   total 75776K, used 28322K [0x0000000081800000, 0x0000000100000000)
  region size 1024K, 1 young (1024K), 1 survivors (1024K)
 Metaspace       used 59953K, committed 60608K, reserved 1114112K
  class space    used 8316K, committed 8640K, reserved 1048576K
}
Event: 3723.195 GC heap before
{Heap before GC invocations=15 (full 0):
 garbage-first heap   total 75776K, used 56994K [0x0000000081800000, 0x0000000100000000)
  region size 1024K, 30 young (30720K), 1 survivors (1024K)
 Metaspace       used 62593K, committed 63424K, reserved 1114112K
  class space    used 8748K, committed 9152K, reserved 1048576K
}

Dll operation events (14 events):
Event: 0.049 Loaded shared library C:\Program Files\Java\jdk-19\bin\java.dll
Event: 0.065 Loaded shared library C:\Program Files\Java\jdk-19\bin\jsvml.dll
Event: 0.244 Loaded shared library C:\Program Files\Java\jdk-19\bin\zip.dll
Event: 0.249 Loaded shared library C:\Program Files\Java\jdk-19\bin\instrument.dll
Event: 0.260 Loaded shared library C:\Program Files\Java\jdk-19\bin\net.dll
Event: 0.262 Loaded shared library C:\Program Files\Java\jdk-19\bin\nio.dll
Event: 0.267 Loaded shared library C:\Program Files\Java\jdk-19\bin\zip.dll
Event: 0.464 Loaded shared library C:\Program Files\JetBrains\IntelliJ IDEA 2024.1.2\bin\breakgen64.dll
Event: 0.472 Loaded shared library C:\Program Files\Java\jdk-19\bin\jimage.dll
Event: 0.476 Loaded shared library C:\Program Files\Java\jdk-19\bin\extnet.dll
Event: 0.499 Loaded shared library C:\Program Files\Java\jdk-19\bin\management.dll
Event: 0.517 Loaded shared library C:\Program Files\Java\jdk-19\bin\management_ext.dll
Event: 2.052 Loaded shared library C:\Program Files\Java\jdk-19\bin\sunmscapi.dll
Event: 4.066 Loaded shared library C:\Program Files\Java\jdk-19\bin\verify.dll

Deoptimization events (14 events):
Event: 0.684 Thread 0x0000028106f95450 DEOPT PACKING pc=0x000002810f215f55 sp=0x000000bdd32fd460
Event: 0.684 Thread 0x0000028106f95450 DEOPT UNPACKING pc=0x000002810ef47543 sp=0x000000bdd32fc910 mode 3
Event: 0.695 Thread 0x0000028106f95450 DEOPT PACKING pc=0x000002810f2ba750 sp=0x000000bdd32fd430
Event: 0.695 Thread 0x0000028106f95450 DEOPT UNPACKING pc=0x000002810ef47543 sp=0x000000bdd32fc8e8 mode 3
Event: 1.792 Thread 0x0000028106f95450 DEOPT PACKING pc=0x000002810f4c9839 sp=0x000000bdd32fd700
Event: 1.792 Thread 0x0000028106f95450 DEOPT UNPACKING pc=0x000002810ef47543 sp=0x000000bdd32fcbe0 mode 3
Event: 3.026 Thread 0x0000028106f95450 DEOPT PACKING pc=0x000002810f55e19d sp=0x000000bdd32fccf0
Event: 3.026 Thread 0x0000028106f95450 DEOPT UNPACKING pc=0x000002810ef47543 sp=0x000000bdd32fc258 mode 3
Event: 5.733 Thread 0x0000028106f95450 DEOPT PACKING pc=0x000002810f515924 sp=0x000000bdd32f9040
Event: 5.733 Thread 0x0000028106f95450 DEOPT UNPACKING pc=0x000002810ef47543 sp=0x000000bdd32f8598 mode 0
Event: 5.874 Thread 0x0000028106f95450 DEOPT PACKING pc=0x000002810f51d83a sp=0x000000bdd32fd600
Event: 5.874 Thread 0x0000028106f95450 DEOPT UNPACKING pc=0x000002810ef47543 sp=0x000000bdd32fcb08 mode 3
Event: 5.874 Thread 0x0000028106f95450 DEOPT PACKING pc=0x000002810f500f4c sp=0x000000bdd32fd5c0
Event: 5.874 Thread 0x0000028106f95450 DEOPT UNPACKING pc=0x000002810ef47543 sp=0x000000bdd32fcb08 mode 3

Classes loaded (20 events):
Event: 3723.002 Loading class sun/nio/ch/SocketAdaptor
Event: 3723.009 Loading class sun/nio/ch/SocketAdaptor done
Event: 3723.010 Loading class sun/nio/ch/SocketChannelImpl$DefaultOptionsHolder
Event: 3723.011 Loading class sun/nio/ch/SocketChannelImpl$DefaultOptionsHolder done
Event: 3723.012 Loading class sun/nio/ch/SelectionKeyImpl
Event: 3723.013 Loading class java/nio/channels/spi/AbstractSelectionKey
Event: 3723.013 Loading class java/nio/channels/SelectionKey
Event: 3723.014 Loading class java/nio/channels/SelectionKey done
Event: 3723.014 Loading class java/nio/channels/spi/AbstractSelectionKey done
Event: 3723.014 Loading class sun/nio/ch/SelectionKeyImpl done
Event: 3723.014 Loading class java/lang/invoke/ConstantBootstraps
Event: 3723.015 Loading class java/lang/invoke/ConstantBootstraps done
Event: 3723.089 Loading class sun/nio/cs/ThreadLocalCoders
Event: 3723.089 Loading class sun/nio/cs/ThreadLocalCoders done
Event: 3723.089 Loading class sun/nio/cs/ThreadLocalCoders$1
Event: 3723.089 Loading class sun/nio/cs/ThreadLocalCoders$Cache
Event: 3723.089 Loading class sun/nio/cs/ThreadLocalCoders$Cache done
Event: 3723.089 Loading class sun/nio/cs/ThreadLocalCoders$1 done
Event: 3723.089 Loading class sun/nio/cs/ThreadLocalCoders$2
Event: 3723.089 Loading class sun/nio/cs/ThreadLocalCoders$2 done

Classes unloaded (0 events):
No events

Classes redefined (0 events):
No events

Internal exceptions (20 events):
Event: 5.864 Thread 0x0000028106f95450 Exception <a 'java/lang/NoSuchMethodError'{0x0000000084ad05c8}: 'java.lang.Object java.lang.invoke.DirectMethodHandle$Holder.invokeVirtual(java.lang.Object, java.lang.Object, java.lang.Object, java.lang.Object, java.lang.Object, java.lang.Object, java.lang.Object, java.lang.Object)'> (0x0000000084ad05c8) 
thrown [s\open\src\hotspot\share\interpreter\linkResolver.cpp, line 774]
Event: 6.078 Thread 0x0000028106f95450 Exception <a 'java/lang/IncompatibleClassChangeError'{0x00000000860e06e0}: Found class java.lang.Object, but interface was expected> (0x00000000860e06e0) 
thrown [s\open\src\hotspot\share\interpreter\linkResolver.cpp, line 841]
Event: 6.125 Thread 0x0000028106f95450 Exception <a 'java/lang/NoSuchMethodError'{0x000000008974a868}: 'void java.lang.invoke.DirectMethodHandle$Holder.invokeVirtual(java.lang.Object, java.lang.Object, long)'> (0x000000008974a868) 
thrown [s\open\src\hotspot\share\interpreter\linkResolver.cpp, line 774]
Event: 6.191 Thread 0x0000028106f95450 Exception <a 'java/lang/NoSuchMethodError'{0x0000000085c15d78}: 'java.lang.Object java.lang.invoke.DirectMethodHandle$Holder.invokeVirtual(java.lang.Object, java.lang.Object, java.lang.Object, java.lang.Object, java.lang.Object, java.lang.Object, java.lang.Object)'> (0x0000000085c15d78) 
thrown [s\open\src\hotspot\share\interpreter\linkResolver.cpp, line 774]
Event: 6.227 Thread 0x0000028106f95450 Exception <a 'java/lang/NoSuchMethodError'{0x0000000085b93168}: 'int java.lang.invoke.DirectMethodHandle$Holder.invokeStaticInit(java.lang.Object, java.lang.Object, java.lang.Object, java.lang.Object)'> (0x0000000085b93168) 
thrown [s\open\src\hotspot\share\interpreter\linkResolver.cpp, line 774]
Event: 6.260 Thread 0x0000028106f95450 Exception <a 'java/lang/IncompatibleClassChangeError'{0x000000008597dd00}: Found class java.lang.Object, but interface was expected> (0x000000008597dd00) 
thrown [s\open\src\hotspot\share\interpreter\linkResolver.cpp, line 841]
Event: 6.326 Thread 0x0000028106f95450 Exception <a 'java/lang/NoSuchMethodError'{0x00000000855c2ab0}: 'java.lang.Object java.lang.invoke.DirectMethodHandle$Holder.invokeVirtual(java.lang.Object, java.lang.Object, java.lang.Object, java.lang.Object, java.lang.Object, java.lang.Object, java.lang.Object, java.lang.Object, java.lang.Object, java.lang.Object)'> (0x00000000855c2ab0) 
thrown [s\open\src\hotspot\share\interpreter\linkResolver.cpp, line 774]
Event: 6.410 Thread 0x0000028106f95450 Exception <a 'java/lang/NoSuchMethodError'{0x0000000084e9c368}: 'java.lang.Object java.lang.invoke.DirectMethodHandle$Holder.newInvokeSpecial(java.lang.Object, java.lang.Object, int, java.lang.Object, java.lang.Object)'> (0x0000000084e9c368) 
thrown [s\open\src\hotspot\share\interpreter\linkResolver.cpp, line 774]
Event: 6.410 Thread 0x0000028106f95450 Exception <a 'java/lang/NoSuchMethodError'{0x0000000084ea7900}: 'java.lang.Object java.lang.invoke.DirectMethodHandle$Holder.invokeSpecial(java.lang.Object, java.lang.Object, int, java.lang.Object, int, java.lang.Object)'> (0x0000000084ea7900) 
thrown [s\open\src\hotspot\share\interpreter\linkResolver.cpp, line 774]
Event: 6.410 Thread 0x0000028106f95450 Exception <a 'java/lang/NoSuchMethodError'{0x0000000084eaf6e8}: 'java.lang.Object java.lang.invoke.DirectMethodHandle$Holder.newInvokeSpecial(java.lang.Object, java.lang.Object, int, java.lang.Object, int)'> (0x0000000084eaf6e8) 
thrown [s\open\src\hotspot\share\interpreter\linkResolver.cpp, line 774]
Event: 6.411 Thread 0x0000028106f95450 Exception <a 'java/lang/NoSuchMethodError'{0x0000000084eb3800}: 'java.lang.Object java.lang.invoke.DirectMethodHandle$Holder.invokeSpecial(java.lang.Object, java.lang.Object, java.lang.Object, int, java.lang.Object, int)'> (0x0000000084eb3800) 
thrown [s\open\src\hotspot\share\interpreter\linkResolver.cpp, line 774]
Event: 6.809 Thread 0x000002811f15c010 Exception <a 'java/lang/NoSuchMethodError'{0x0000000084c0c7c0}: 'java.lang.Object java.lang.invoke.DirectMethodHandle$Holder.invokeInterface(java.lang.Object, java.lang.Object, java.lang.Object, java.lang.Object, java.lang.Object, java.lang.Object, java.lang.Object)'> (0x0000000084c0c7c0) 
thrown [s\open\src\hotspot\share\interpreter\linkResolver.cpp, line 774]
Event: 9.827 Thread 0x000002811dbfe900 Exception <a 'sun/net/ConnectionResetException'{0x0000000084c88c40}: Connection reset> (0x0000000084c88c40) 
thrown [s\open\src\hotspot\share\prims\jni.cpp, line 536]
Event: 9.828 Thread 0x000002811dfa0090 Exception <a 'sun/net/ConnectionResetException'{0x0000000084cdfcf0}: Connection reset> (0x0000000084cdfcf0) 
thrown [s\open\src\hotspot\share\prims\jni.cpp, line 536]
Event: 9.878 Thread 0x000002811f15c010 Exception <a 'sun/net/ConnectionResetException'{0x0000000084c6ecb0}: Connection reset> (0x0000000084c6ecb0) 
thrown [s\open\src\hotspot\share\prims\jni.cpp, line 536]
Event: 3723.084 Thread 0x000002811f179750 Exception <a 'java/lang/NoSuchMethodError'{0x00000000845452b0}: 'java.lang.Object java.lang.invoke.DirectMethodHandle$Holder.invokeSpecial(java.lang.Object, java.lang.Object, java.lang.Object, java.lang.Object, java.lang.Object, long)'> (0x00000000845452b0) 
thrown [s\open\src\hotspot\share\interpreter\linkResolver.cpp, line 774]
Event: 3723.084 Thread 0x000002811f179750 Exception <a 'java/lang/NoSuchMethodError'{0x0000000084548d00}: 'java.lang.Object java.lang.invoke.Invokers$Holder.linkToTargetMethod(java.lang.Object, java.lang.Object, java.lang.Object, long, java.lang.Object)'> (0x0000000084548d00) 
thrown [s\open\src\hotspot\share\interpreter\linkResolver.cpp, line 774]
Event: 3723.144 Thread 0x000002811f179750 Exception <a 'java/io/IOException'{0x0000000084491468}> (0x0000000084491468) 
thrown [s\open\src\hotspot\share\prims\jni.cpp, line 517]
Event: 3723.144 Thread 0x000002811f179750 Exception <a 'java/io/IOException'{0x0000000084493748}> (0x0000000084493748) 
thrown [s\open\src\hotspot\share\prims\jni.cpp, line 517]
Event: 3723.179 Thread 0x000002811f179750 Exception <a 'java/io/IOException'{0x00000000844989b8}> (0x00000000844989b8) 
thrown [s\open\src\hotspot\share\prims\jni.cpp, line 517]

VM Operations (20 events):
Event: 1791.751 Executing VM operation: Cleanup done
Event: 1803.828 Executing VM operation: Cleanup
Event: 1803.828 Executing VM operation: Cleanup done
Event: 1804.844 Executing VM operation: Cleanup
Event: 1804.844 Executing VM operation: Cleanup done
Event: 3549.377 Executing VM operation: Cleanup
Event: 3549.377 Executing VM operation: Cleanup done
Event: 3551.380 Executing VM operation: Cleanup
Event: 3551.380 Executing VM operation: Cleanup done
Event: 3600.862 Executing VM operation: Cleanup
Event: 3600.862 Executing VM operation: Cleanup done
Event: 3723.010 Executing VM operation: HandshakeAllThreads
Event: 3723.010 Executing VM operation: HandshakeAllThreads done
Event: 3723.111 Executing VM operation: HandshakeAllThreads
Event: 3723.111 Executing VM operation: HandshakeAllThreads done
Event: 3723.111 Executing VM operation: Cleanup
Event: 3723.111 Executing VM operation: Cleanup done
Event: 3723.111 Executing VM operation: HandshakeAllThreads
Event: 3723.111 Executing VM operation: HandshakeAllThreads done
Event: 3723.194 Executing VM operation: G1CollectForAllocation

Events (20 events):
Event: 3541.536 Thread 0x000002811f3b8030 Thread added: 0x000002811f3b8030
Event: 3541.537 Thread 0x000002811f3bbaa0 Thread added: 0x000002811f3bbaa0
Event: 3546.539 Thread 0x000002811f3b8030 Thread exited: 0x000002811f3b8030
Event: 3546.585 Thread 0x000002811f3bbaa0 Thread exited: 0x000002811f3bbaa0
Event: 3548.569 Thread 0x000002811f3b8030 Thread added: 0x000002811f3b8030
Event: 3548.570 Thread 0x000002811f3b4070 Thread added: 0x000002811f3b4070
Event: 3554.699 Thread 0x000002811f3b8030 Thread exited: 0x000002811f3b8030
Event: 3554.746 Thread 0x000002811f3b4070 Thread exited: 0x000002811f3b4070
Event: 3566.688 Thread 0x000002811f3b6050 Thread added: 0x000002811f3b6050
Event: 3566.689 Thread 0x000002811f3b8030 Thread added: 0x000002811f3b8030
Event: 3576.766 Thread 0x000002811f3b6050 Thread exited: 0x000002811f3b6050
Event: 3576.813 Thread 0x000002811f3b8030 Thread exited: 0x000002811f3b8030
Event: 3578.138 Thread 0x000002811f3b65a0 Thread added: 0x000002811f3b65a0
Event: 3578.140 Thread 0x000002811f3b9570 Thread added: 0x000002811f3b9570
Event: 3583.145 Thread 0x000002811f3b65a0 Thread exited: 0x000002811f3b65a0
Event: 3583.191 Thread 0x000002811f3b9570 Thread exited: 0x000002811f3b9570
Event: 3600.347 Thread 0x000002811f3b8ad0 Thread added: 0x000002811f3b8ad0
Event: 3600.348 Thread 0x000002811f3b6af0 Thread added: 0x000002811f3b6af0
Event: 3607.608 Thread 0x000002811f3b8ad0 Thread exited: 0x000002811f3b8ad0
Event: 3607.656 Thread 0x000002811f3b6af0 Thread exited: 0x000002811f3b6af0


Dynamic libraries:
0x00007ff792850000 - 0x00007ff792860000 	C:\Program Files\Java\jdk-19\bin\java.exe
0x00007ff9d9e50000 - 0x00007ff9da067000 	C:\WINDOWS\SYSTEM32\ntdll.dll
0x00007ff9d8000000 - 0x00007ff9d80c4000 	C:\WINDOWS\System32\KERNEL32.DLL
0x00007ff9d72b0000 - 0x00007ff9d7657000 	C:\WINDOWS\System32\KERNELBASE.dll
0x00007ff9d79b0000 - 0x00007ff9d7ac1000 	C:\WINDOWS\System32\ucrtbase.dll
0x00007ff9be900000 - 0x00007ff9be918000 	C:\Program Files\Java\jdk-19\bin\jli.dll
0x00007ff9be8e0000 - 0x00007ff9be8fb000 	C:\Program Files\Java\jdk-19\bin\VCRUNTIME140.dll
0x00007ff9d8900000 - 0x00007ff9d89b2000 	C:\WINDOWS\System32\ADVAPI32.dll
0x00007ff9d9b50000 - 0x00007ff9d9bf7000 	C:\WINDOWS\System32\msvcrt.dll
0x00007ff9d99a0000 - 0x00007ff9d9a48000 	C:\WINDOWS\System32\sechost.dll
0x00007ff9d7ad0000 - 0x00007ff9d7af8000 	C:\WINDOWS\System32\bcrypt.dll
0x00007ff9d8b20000 - 0x00007ff9d8c35000 	C:\WINDOWS\System32\RPCRT4.dll
0x00007ff9d8740000 - 0x00007ff9d88ee000 	C:\WINDOWS\System32\USER32.dll
0x00007ff9d7280000 - 0x00007ff9d72a6000 	C:\WINDOWS\System32\win32u.dll
0x00007ff9c03d0000 - 0x00007ff9c0663000 	C:\WINDOWS\WinSxS\amd64_microsoft.windows.common-controls_6595b64144ccf1df_6.0.22621.3527_none_270e469b73872a76\COMCTL32.dll
0x00007ff9d8710000 - 0x00007ff9d8739000 	C:\WINDOWS\System32\GDI32.dll
0x00007ff9d7660000 - 0x00007ff9d7779000 	C:\WINDOWS\System32\gdi32full.dll
0x00007ff9d7170000 - 0x00007ff9d720a000 	C:\WINDOWS\System32\msvcp_win.dll
0x00007ff9c7360000 - 0x00007ff9c736a000 	C:\WINDOWS\SYSTEM32\VERSION.dll
0x00007ff9d86c0000 - 0x00007ff9d86f1000 	C:\WINDOWS\System32\IMM32.DLL
0x00007ff9c09e0000 - 0x00007ff9c09ec000 	C:\Program Files\Java\jdk-19\bin\vcruntime140_1.dll
0x00007ff9be850000 - 0x00007ff9be8de000 	C:\Program Files\Java\jdk-19\bin\msvcp140.dll
0x00007ff96cb30000 - 0x00007ff96d7f0000 	C:\Program Files\Java\jdk-19\bin\server\jvm.dll
0x00007ff9cf340000 - 0x00007ff9cf374000 	C:\WINDOWS\SYSTEM32\WINMM.dll
0x00007ff9c1640000 - 0x00007ff9c1649000 	C:\WINDOWS\SYSTEM32\WSOCK32.dll
0x00007ff9d8c40000 - 0x00007ff9d8cb1000 	C:\WINDOWS\System32\WS2_32.dll
0x00007ff9d6240000 - 0x00007ff9d6258000 	C:\WINDOWS\SYSTEM32\kernel.appcore.dll
0x00007ff9bfc80000 - 0x00007ff9bfc8a000 	C:\Program Files\Java\jdk-19\bin\jimage.dll
0x00007ff9d4c10000 - 0x00007ff9d4e42000 	C:\WINDOWS\SYSTEM32\DBGHELP.DLL
0x00007ff9d81c0000 - 0x00007ff9d8548000 	C:\WINDOWS\System32\combase.dll
0x00007ff9d7d70000 - 0x00007ff9d7e47000 	C:\WINDOWS\System32\OLEAUT32.dll
0x00007ff9c1a60000 - 0x00007ff9c1a92000 	C:\WINDOWS\SYSTEM32\dbgcore.DLL
0x00007ff9d7b00000 - 0x00007ff9d7b79000 	C:\WINDOWS\System32\bcryptPrimitives.dll
0x00007ff9d2650000 - 0x00007ff9d265e000 	C:\Program Files\Java\jdk-19\bin\instrument.dll
0x00007ff9bbd40000 - 0x00007ff9bbd66000 	C:\Program Files\Java\jdk-19\bin\java.dll
0x00007ff99b050000 - 0x00007ff99b127000 	C:\Program Files\Java\jdk-19\bin\jsvml.dll
0x00007ff9d8cc0000 - 0x00007ff9d951c000 	C:\WINDOWS\System32\SHELL32.dll
0x00007ff9d5070000 - 0x00007ff9d5966000 	C:\WINDOWS\SYSTEM32\windows.storage.dll
0x00007ff9d4f30000 - 0x00007ff9d506e000 	C:\WINDOWS\SYSTEM32\wintypes.dll
0x00007ff9d9a50000 - 0x00007ff9d9b45000 	C:\WINDOWS\System32\SHCORE.dll
0x00007ff9d80d0000 - 0x00007ff9d812e000 	C:\WINDOWS\System32\shlwapi.dll
0x00007ff9d70a0000 - 0x00007ff9d70c1000 	C:\WINDOWS\SYSTEM32\profapi.dll
0x00007ff9bb1a0000 - 0x00007ff9bb1b8000 	C:\Program Files\Java\jdk-19\bin\zip.dll
0x00007ff9be830000 - 0x00007ff9be843000 	C:\Program Files\Java\jdk-19\bin\net.dll
0x00007ff9cf400000 - 0x00007ff9cf536000 	C:\WINDOWS\SYSTEM32\WINHTTP.dll
0x00007ff9d66a0000 - 0x00007ff9d6709000 	C:\WINDOWS\system32\mswsock.dll
0x00007ff9bb870000 - 0x00007ff9bb886000 	C:\Program Files\Java\jdk-19\bin\nio.dll
0x00007ff9d1990000 - 0x00007ff9d19aa000 	C:\Program Files\JetBrains\IntelliJ IDEA 2024.1.2\bin\breakgen64.dll
0x00007ff9baf90000 - 0x00007ff9baf98000 	C:\Program Files\Java\jdk-19\bin\extnet.dll
0x00007ff9d5cb0000 - 0x00007ff9d5da8000 	C:\WINDOWS\SYSTEM32\DNSAPI.dll
0x00007ff9d5c40000 - 0x00007ff9d5c6d000 	C:\WINDOWS\SYSTEM32\IPHLPAPI.DLL
0x00007ff9d88f0000 - 0x00007ff9d88f9000 	C:\WINDOWS\System32\NSI.dll
0x00007ff9c8500000 - 0x00007ff9c850a000 	C:\Windows\System32\rasadhlp.dll
0x00007ff9ce7b0000 - 0x00007ff9ce833000 	C:\WINDOWS\System32\fwpuclnt.dll
0x00007ff9d2640000 - 0x00007ff9d264a000 	C:\Program Files\Java\jdk-19\bin\management.dll
0x00007ff9d1900000 - 0x00007ff9d190b000 	C:\Program Files\Java\jdk-19\bin\management_ext.dll
0x00007ff9d9c00000 - 0x00007ff9d9c08000 	C:\WINDOWS\System32\PSAPI.DLL
0x00007ff9d69f0000 - 0x00007ff9d6a0b000 	C:\WINDOWS\SYSTEM32\CRYPTSP.dll
0x00007ff9d61a0000 - 0x00007ff9d61d5000 	C:\WINDOWS\system32\rsaenh.dll
0x00007ff9d6740000 - 0x00007ff9d6768000 	C:\WINDOWS\SYSTEM32\USERENV.dll
0x00007ff9d69d0000 - 0x00007ff9d69dc000 	C:\WINDOWS\SYSTEM32\CRYPTBASE.dll
0x00007ff9cf7b0000 - 0x00007ff9cf7c9000 	C:\WINDOWS\SYSTEM32\dhcpcsvc6.DLL
0x00007ff9cf300000 - 0x00007ff9cf31f000 	C:\WINDOWS\SYSTEM32\dhcpcsvc.DLL
0x00007ff9a3d40000 - 0x00007ff9a3d57000 	C:\WINDOWS\system32\napinsp.dll
0x00007ff9a3d60000 - 0x00007ff9a3d7b000 	C:\WINDOWS\system32\pnrpnsp.dll
0x00007ff9a3d20000 - 0x00007ff9a3d31000 	C:\WINDOWS\System32\winrnr.dll
0x00007ff9a3cd0000 - 0x00007ff9a3ce5000 	C:\WINDOWS\system32\wshbth.dll
0x00007ff9a3ca0000 - 0x00007ff9a3cc7000 	C:\WINDOWS\system32\nlansp_c.dll
0x00007ff9d18c0000 - 0x00007ff9d18ce000 	C:\Program Files\Java\jdk-19\bin\sunmscapi.dll
0x00007ff9d7840000 - 0x00007ff9d79a8000 	C:\WINDOWS\System32\CRYPT32.dll
0x00007ff9d6af0000 - 0x00007ff9d6b1e000 	C:\WINDOWS\SYSTEM32\ncrypt.dll
0x00007ff9d6ab0000 - 0x00007ff9d6ae7000 	C:\WINDOWS\SYSTEM32\NTASN1.dll
0x00007ff9a6ad0000 - 0x00007ff9a6ae0000 	C:\Program Files\Java\jdk-19\bin\verify.dll
0x00007ff9c4110000 - 0x00007ff9c4118000 	C:\WINDOWS\system32\wshunix.dll

dbghelp: loaded successfully - version: 4.0.5 - missing functions: none
symbol engine: initialized successfully - sym options: 0x614 - pdb path: .;C:\Program Files\Java\jdk-19\bin;C:\WINDOWS\SYSTEM32;C:\WINDOWS\WinSxS\amd64_microsoft.windows.common-controls_6595b64144ccf1df_6.0.22621.3527_none_270e469b73872a76;C:\Program Files\Java\jdk-19\bin\server;C:\Program Files\JetBrains\IntelliJ IDEA 2024.1.2\bin

VM Arguments:
jvm_args: -XX:TieredStopAtLevel=1 -Dspring.output.ansi.enabled=always -Dcom.sun.management.jmxremote -Dspring.jmx.enabled=true -Dspring.liveBeansView.mbeanDomain -Dspring.application.admin.enabled=true -Dmanagement.endpoints.jmx.exposure.include=* -javaagent:C:\Program Files\JetBrains\IntelliJ IDEA 2024.1.2\lib\idea_rt.jar=58361:C:\Program Files\JetBrains\IntelliJ IDEA 2024.1.2\bin -Dfile.encoding=UTF-8 -Dsun.stdout.encoding=UTF-8 -Dsun.stderr.encoding=UTF-8 
java_command: com.ecommerce.SpringBootEcommerceApplication
java_class_path (initial): F:\Full Stack Angular and Java Spring Boot E-Commerce Website\ecommerece-project\02-backend\spring-boot-ecommerce\target\classes;C:\Users\Mohamed Omara\.m2\repository\org\springframework\boot\spring-boot-starter-data-jpa\3.3.0\spring-boot-starter-data-jpa-3.3.0.jar;C:\Users\Mohamed Omara\.m2\repository\org\springframework\boot\spring-boot-starter-aop\3.3.0\spring-boot-starter-aop-3.3.0.jar;C:\Users\Mohamed Omara\.m2\repository\org\springframework\spring-aop\6.1.8\spring-aop-6.1.8.jar;C:\Users\Mohamed Omara\.m2\repository\org\aspectj\aspectjweaver\1.9.22\aspectjweaver-1.9.22.jar;C:\Users\Mohamed Omara\.m2\repository\org\springframework\boot\spring-boot-starter-jdbc\3.3.0\spring-boot-starter-jdbc-3.3.0.jar;C:\Users\Mohamed Omara\.m2\repository\com\zaxxer\HikariCP\5.1.0\HikariCP-5.1.0.jar;C:\Users\Mohamed Omara\.m2\repository\org\springframework\spring-jdbc\6.1.8\spring-jdbc-6.1.8.jar;C:\Users\Mohamed Omara\.m2\repository\org\hibernate\orm\hibernate-core\6.5.2.Final\hibernate-core-6.5.2.Final.jar;C:\Users\Mohamed Omara\.m2\repository\jakarta\persistence\jakarta.persistence-api\3.1.0\jakarta.persistence-api-3.1.0.jar;C:\Users\Mohamed Omara\.m2\repository\jakarta\transaction\jakarta.transaction-api\2.0.1\jakarta.transaction-api-2.0.1.jar;C:\Users\Mohamed Omara\.m2\repository\org\jboss\logging\jboss-logging\3.5.3.Final\jboss-logging-3.5.3.Final.jar;C:\Users\Mohamed Omara\.m2\repository\org\hibernate\common\hibernate-commons-annotations\6.0.6.Final\hibernate-commons-annotations-6.0.6.Final.jar;C:\Users\Mohamed Omara\.m2\repository\io\smallrye\jandex\3.1.2\jandex-3.1.2.jar;C:\Users\Mohamed Omara\.m2\repository\com\fasterxml\classmate\1.7.0\classmate-1.7.0.jar;C:\Users\Mohamed Omara\.m2\repository\net\bytebuddy\byte-buddy\1.14.16\byte-buddy-1.14.16.jar;C:\Users\Mohamed Omara\.m2\repository\org\glassfish\jaxb\jaxb-runtime\4.0.5\jaxb-runtime-4.0.5.jar;C:\Users\Mohamed Omara\.m2\repository\org\glassfish\jaxb\jaxb-core\4.0.5\jaxb-core-4.0.5.jar;C:\Users\Mohamed Omara\.m2\repository\org\eclipse\angus\angus-activation\2.0.2\angus-activation-2.0.2.jar;C:\Users\Mohamed Omara\.m2\repository\org\glassfish\jaxb\txw2\4.0.5\txw2-4.0.5.jar;C:\Users\Mohamed Omara\.m2\repository\com\sun\istack\istack-commons-runtime\4.1.2\istack-commons-runtime-4.1.2.jar;C:\Users\Mohamed Omara\.m2\repository\jakarta\inject\jakarta.inject-api\2.0.1\jakarta.inject-api-2.0.1.jar;C:\Users\Mohamed Omara\.m2\repository\org\antlr\antlr4-runtime\4.13.0\antlr4-runtime-4.13.0.jar;C:\Users\Mohamed Omara\.m2\repository\org\springframework\data\spring-data-jpa\3.3.0\spring-data-jpa-3.3.0.jar;C:\Users\Mohamed Omara\.m2\repository\org\springframework\data\spring-data-commons\3.3.0\spring-data-commons-3.3.0.jar;C:\Users\Mohamed Omara\.m2\repository\org\springframework\spring-orm\6.1.8\spring-orm-6.1.8.jar;C:\Users\Mohamed Omara\.m2\repository\org\springframework\spring-context\6.1.8\spring-context-6.1.8.jar;C:\Users\Mohamed Omara\.m2\repository\org\springframework\spring-tx\6.1.8\spring-tx-6.1.8.jar;C:\Users\Mohamed Omara\.m2\repository\org\springframework\spring-beans\6.1.8\spring-beans-6.1.8.jar;C:\Users\Mohamed Omara\.m2\repository\jakarta\annotation\jakarta.annotation-api\2.1.1\jakarta.annotation-api-2.1.1.jar;C:\Users\Mohamed Omara\.m2\repository\org\slf4j\slf4j-api\2.0.13\slf4j-api-2.0.13.jar;C:\Users\Mohamed Omara\.m2\repository\org\springframework\spring-aspects\6.1.8\spring-aspects-6.1.8.jar;C:\Users\Mohamed Omara\.m2\repository\org\springframework\boot\spring-boot-starter-web\3.3.0\spring-boot-starter-web-3.3.0.jar;C:\Users\Mohamed Omara\.m2\repository\org\springframework\boot\spring-boot-starter\3.3.0\spring-boot-starter-3.3.0.jar;C:\Users\Mohamed Omara\.m2\repository\org\springframework\boot\spring-boot\3.3.0\spring-boot-3.3.0.jar;C:\Users\Mohamed Omara\.m2\repository\org\springframework\boot\spring-boot-autoconfigure\3.3.0\spring-boot-autoconfigure-3.3.0.jar;C:\Users\Mohamed Omara\.m2\repository\org\springframework\boot\spring-boot-starter-logging\3.3.0\spring-boot-starter-logging-3.3.0.jar;C:\Users\Mohamed Omara\.m2\repository\ch\qos\logback\logback-classic\1.5.6\logback-classic-1.5.6.jar;C:\Users\Mohamed Omara\.m2\repository\ch\qos\logback\logback-core\1.5.6\logback-core-1.5.6.jar;C:\Users\Mohamed Omara\.m2\repository\org\apache\logging\log4j\log4j-to-slf4j\2.23.1\log4j-to-slf4j-2.23.1.jar;C:\Users\Mohamed Omara\.m2\repository\org\apache\logging\log4j\log4j-api\2.23.1\log4j-api-2.23.1.jar;C:\Users\Mohamed Omara\.m2\repository\org\slf4j\jul-to-slf4j\2.0.13\jul-to-slf4j-2.0.13.jar;C:\Users\Mohamed Omara\.m2\repository\org\yaml\snakeyaml\2.2\snakeyaml-2.2.jar;C:\Users\Mohamed Omara\.m2\repository\org\springframework\boot\spring-boot-starter-json\3.3.0\spring-boot-starter-json-3.3.0.jar;C:\Users\Mohamed Omara\.m2\repository\com\fasterxml\jackson\core\jackson-databind\2.17.1\jackson-databind-2.17.1.jar;C:\Users\Mohamed Omara\.m2\repository\com\fasterxml\jackson\core\jackson-core\2.17.1\jackson-core-2.17.1.jar;C:\Users\Mohamed Omara\.m2\repository\com\fasterxml\jackson\datatype\jackson-datatype-jdk8\2.17.1\jackson-datatype-jdk8-2.17.1.jar;C:\Users\Mohamed Omara\.m2\repository\com\fasterxml\jackson\datatype\jackson-datatype-jsr310\2.17.1\jackson-datatype-jsr310-2.17.1.jar;C:\Users\Mohamed Omara\.m2\repository\com\fasterxml\jackson\module\jackson-module-parameter-names\2.17.1\jackson-module-parameter-names-2.17.1.jar;C:\Users\Mohamed Omara\.m2\repository\org\springframework\boot\spring-boot-starter-tomcat\3.3.0\spring-boot-starter-tomcat-3.3.0.jar;C:\Users\Mohamed Omara\.m2\repository\org\apache\tomcat\embed\tomcat-embed-core\10.1.24\tomcat-embed-core-10.1.24.jar;C:\Users\Mohamed Omara\.m2\repository\org\apache\tomcat\embed\tomcat-embed-el\10.1.24\tomcat-embed-el-10.1.24.jar;C:\Users\Mohamed Omara\.m2\repository\org\apache\tomcat\embed\tomcat-embed-websocket\10.1.24\tomcat-embed-websocket-10.1.24.jar;C:\Users\Mohamed Omara\.m2\repository\org\springframework\spring-web\6.1.8\spring-web-6.1.8.jar;C:\Users\Mohamed Omara\.m2\repository\io\micrometer\micrometer-observation\1.13.0\micrometer-observation-1.13.0.jar;C:\Users\Mohamed Omara\.m2\repository\io\micrometer\micrometer-commons\1.13.0\micrometer-commons-1.13.0.jar;C:\Users\Mohamed Omara\.m2\repository\org\springframework\spring-webmvc\6.1.8\spring-webmvc-6.1.8.jar;C:\Users\Mohamed Omara\.m2\repository\org\springframework\spring-expression\6.1.8\spring-expression-6.1.8.jar;C:\Users\Mohamed Omara\.m2\repository\org\springframework\boot\spring-boot-starter-data-rest\3.3.0\spring-boot-starter-data-rest-3.3.0.jar;C:\Users\Mohamed Omara\.m2\repository\org\springframework\data\spring-data-rest-webmvc\4.3.0\spring-data-rest-webmvc-4.3.0.jar;C:\Users\Mohamed Omara\.m2\repository\org\springframework\data\spring-data-rest-core\4.3.0\spring-data-rest-core-4.3.0.jar;C:\Users\Mohamed Omara\.m2\repository\org\springframework\hateoas\spring-hateoas\2.3.0\spring-hateoas-2.3.0.jar;C:\Users\Mohamed Omara\.m2\repository\org\springframework\plugin\spring-plugin-core\3.0.0\spring-plugin-core-3.0.0.jar;C:\Users\Mohamed Omara\.m2\repository\org\atteo\evo-inflector\1.3\evo-inflector-1.3.jar;C:\Users\Mohamed Omara\.m2\repository\com\fasterxml\jackson\core\jackson-annotations\2.17.1\jackson-annotations-2.17.1.jar;C:\Users\Mohamed Omara\.m2\repository\com\mysql\mysql-connector-j\8.3.0\mysql-connector-j-8.3.0.jar;C:\Users\Mohamed Omara\.m2\repository\org\projectlombok\lombok\1.18.32\lombok-1.18.32.jar;C:\Users\Mohamed Omara\.m2\repository\com\jayway\jsonpath\json-path\2.9.0\json-path-2.9.0.jar;C:\Users\Mohamed Omara\.m2\repository\jakarta\xml\bind\jakarta.xml.bind-api\4.0.2\jakarta.xml.bind-api-4.0.2.jar;C:\Users\Mohamed Omara\.m2\repository\jakarta\activation\jakarta.activation-api\2.1.3\jakarta.activation-api-2.1.3.jar;C:\Users\Mohamed Omara\.m2\repository\net\minidev\json-smart\2.5.1\json-smart-2.5.1.jar;C:\Users\Mohamed Omara\.m2\repository\net\minidev\accessors-smart\2.5.1\accessors-smart-2.5.1.jar;C:\Users\Mohamed Omara\.m2\repository\org\ow2\asm\asm\9.6\asm-9.6.jar;C:\Users\Mohamed Omara\.m2\repository\org\springframework\spring-core\6.1.8\spring-core-6.1.8.jar;C:\Users\Mohamed Omara\.m2\repository\org\springframework\spring-jcl\6.1.8\spring-jcl-6.1.8.jar
Launcher Type: SUN_STANDARD

[Global flags]
     intx CICompilerCount                          = 4                                         {product} {ergonomic}
     uint ConcGCThreads                            = 2                                         {product} {ergonomic}
     uint G1ConcRefinementThreads                  = 8                                         {product} {ergonomic}
   size_t G1HeapRegionSize                         = 1048576                                   {product} {ergonomic}
    uintx GCDrainStackTargetSize                   = 64                                        {product} {ergonomic}
   size_t InitialHeapSize                          = 134217728                                 {product} {ergonomic}
     bool ManagementServer                         = true                                      {product} {command line}
   size_t MarkStackSize                            = 4194304                                   {product} {ergonomic}
   size_t MaxHeapSize                              = 2122317824                                {product} {ergonomic}
   size_t MaxNewSize                               = 1272971264                                {product} {ergonomic}
   size_t MinHeapDeltaBytes                        = 1048576                                   {product} {ergonomic}
   size_t MinHeapSize                              = 8388608                                   {product} {ergonomic}
    uintx NonProfiledCodeHeapSize                  = 0                                      {pd product} {ergonomic}
     bool ProfileInterpreter                       = false                                  {pd product} {command line}
    uintx ProfiledCodeHeapSize                     = 0                                      {pd product} {ergonomic}
   size_t SoftMaxHeapSize                          = 2122317824                             {manageable} {ergonomic}
     intx TieredStopAtLevel                        = 1                                         {product} {command line}
     bool UseCompressedClassPointers               = true                           {product lp64_product} {ergonomic}
     bool UseCompressedOops                        = true                           {product lp64_product} {ergonomic}
     bool UseG1GC                                  = true                                      {product} {ergonomic}
     bool UseLargePagesIndividualAllocation        = false                                  {pd product} {ergonomic}

Logging:
Log output configuration:
 #0: stdout all=warning uptime,level,tags foldmultilines=false
 #1: stderr all=off uptime,level,tags foldmultilines=false

Environment Variables:
JAVA_HOME=C:\Program Files\Java\jdk-17
PATH=C:\Program Files (x86)\VMware\VMware Player\bin\;D:\dbOracle\db_home\bin;C:\Program Files\Common Files\Oracle\Java\javapath;C:\WINDOWS\system32;C:\WINDOWS;C:\WINDOWS\System32\Wbem;C:\WINDOWS\System32\WindowsPowerShell\v1.0\;C:\WINDOWS\System32\OpenSSH\;C:\Program Files\Git\cmd;C:\Program Files\nodejs\;E:\FCI\4rd term 2 CS\apache-maven-3.8.5\bin;C:\Program Files\dotnet\;C:\Program Files\MongoDB\Server\6.0\bin;C:\Program Files\Java\jdk-17\bin;C:\Program Files (x86)\Microsoft SQL Server\160\Tools\Binn\;C:\Program Files\Microsoft SQL Server\160\Tools\Binn\;C:\Program Files\Microsoft SQL Server\Client SDK\ODBC\170\Tools\Binn\;C:\Program Files\Microsoft SQL Server\160\DTS\Binn\;C:\Program Files (x86)\Microsoft SQL Server\160\DTS\Binn\;C:\Program Files\Azure Data Studio\bin;C:\Program Files\apache-maven-3.9.1\bin;C:\Users\Mohamed Omara\AppData\Local\Programs\Python\Python312\Scripts\;C:\Users\Mohamed Omara\AppData\Local\Programs\Python\Python312\;C:\Users\Mohamed Omara\AppData\Local\Programs\Python\Launcher\;C:\Program Files\MySQL\MySQL Shell 8.0\bin\;C:\Program Files\Common Files\Oracle\Java\javapath;C:\Program Files (x86)\Common Files\Oracle\Java\javapath;C:\WINDOWS\system32;C:\WINDOWS;C:\WINDOWS\System32\Wbem;C:\WINDOWS\System32\WindowsPowerShell\v1.0\;C:\WINDOWS\System32\OpenSSH\;C:\Program Files (x86)\Brackets\command;C:\Program Files\Docker\Docker\resources\bin;C:\ProgramData\DockerDesktop\version-bin;C:\Program Files\Git\cmd;C:\Program Files\nodejs\;E:\FCI\4rd term 2 CS\apache-maven-3.8.5\bin;C:\Program Files\Java\jdk-17\bin;C:\Users\Mohamed Omara\AppData\Local\Microsoft\WindowsApps;C:\Users\Mohamed Omara\AppData\Roaming\npm;C:\Users\Mohamed Omara\AppData\Local\Programs\Microsoft VS Code\bin;C:\Program Files\heroku\bin;C:\Python39\Scripts;C:\Users\Mohamed Omara\.dotnet\tools;C:\Users\Mohamed Omara\AppData\Local\Programs\mongosh\;C:\Users\Mohamed Omara\AppData\Local\Microsoft\WindowsApps;C:\Program Files\Azure Data Studio\bin;C:\Program Files\JetBrains\IntelliJ IDEA Community Edition 2023.1.1\bin;;C:\Users\Mohamed Omara\AppData\Local\GitHubDesktop\bin;C:\Program Files\JetBrains\IntelliJ IDEA 2024.1.2\bin;
USERNAME=Mohamed Omara
OS=Windows_NT
PROCESSOR_IDENTIFIER=Intel64 Family 6 Model 142 Stepping 10, GenuineIntel
TMP=C:\Users\MOHAME~1\AppData\Local\Temp
TEMP=C:\Users\MOHAME~1\AppData\Local\Temp



---------------  S Y S T E M  ---------------

OS:
 Windows 11 , 64 bit Build 22621 (10.0.22621.3527)
OS uptime: 0 days 2:49 hours
Hyper-V role detected

CPU: total 8 (initial active 8) (4 cores per cpu, 2 threads per core) family 6 model 142 stepping 10 microcode 0xf0, cx8, cmov, fxsr, ht, mmx, 3dnowpref, sse, sse2, sse3, ssse3, sse4.1, sse4.2, popcnt, lzcnt, tsc, tscinvbit, avx, avx2, aes, erms, clmul, bmi1, bmi2, adx, fma, vzeroupper, clflush, clflushopt, hv, rdtscp

Memory: 4k page, system-wide physical 8089M (1113M free)
TotalPageFile size 10137M (AvailPageFile size 26M)
current process WorkingSet (physical memory assigned to process): 124M, peak: 214M
current process commit charge ("private bytes"): 255M, peak: 303M

vm_info: Java HotSpot(TM) 64-Bit Server VM (19.0.1+10-21) for windows-amd64 JRE (19.0.1+10-21), built on 2022-09-14T12:45:06Z by "mach5one" with MS VC++ 17.1 (VS2022)

END.
