#
# There is insufficient memory for the Java Runtime Environment to continue.
# Native memory allocation (mmap) failed to map 65536 bytes for Failed to commit metaspace.
# Possible reasons:
#   The system is out of physical RAM or swap space
#   The process is running with CompressedOops enabled, and the Java Heap may be blocking the growth of the native heap
# Possible solutions:
#   Reduce memory load on the system
#   Increase physical memory or swap space
#   Check if swap backing store is full
#   Decrease Java heap size (-Xmx/-Xms)
#   Decrease number of Java threads
#   Decrease Java thread stack sizes (-Xss)
#   Set larger code cache with -XX:ReservedCodeCacheSize=
#   JVM is running with Unscaled Compressed Oops mode in which the Java heap is
#     placed in the first 4GB address space. The Java Heap base address is the
#     maximum limit for the native heap growth. Please use -XX:HeapBaseMinAddress
#     to set the Java Heap base and to place the Java Heap above 4GB virtual address.
# This output file may be truncated or incomplete.
#
#  Out of Memory Error (virtualSpaceNode.cpp:110), pid=12460, tid=13664
#
# JRE version: Java(TM) SE Runtime Environment (19.0.1+10) (build 19.0.1+10-21)
# Java VM: Java HotSpot(TM) 64-Bit Server VM (19.0.1+10-21, mixed mode, emulated-client, sharing, tiered, compressed oops, compressed class ptrs, g1 gc, windows-amd64)
# No core dump will be written. Minidumps are not enabled by default on client versions of Windows
#

---------------  S U M M A R Y ------------

Command Line: -XX:TieredStopAtLevel=1 -Dspring.output.ansi.enabled=always -Dcom.sun.management.jmxremote -Dspring.jmx.enabled=true -Dspring.liveBeansView.mbeanDomain -Dspring.application.admin.enabled=true -Dmanagement.endpoints.jmx.exposure.include=* -javaagent:C:\Program Files\JetBrains\IntelliJ IDEA 2024.1.2\lib\idea_rt.jar=58661:C:\Program Files\JetBrains\IntelliJ IDEA 2024.1.2\bin -Dfile.encoding=UTF-8 -Dsun.stdout.encoding=UTF-8 -Dsun.stderr.encoding=UTF-8 com.ecommerce.SpringBootEcommerceApplication

Host: Intel(R) Core(TM) i7-8550U CPU @ 1.80GHz, 8 cores, 7G,  Windows 11 , 64 bit Build 22621 (10.0.22621.3527)
Time: Tue Jun  4 17:16:00 2024 Egypt Daylight Time elapsed time: 1.134584 seconds (0d 0h 0m 1s)

---------------  T H R E A D  ---------------

Current thread (0x00000168d098bf40):  JavaThread "Reference Handler" daemon [_thread_in_vm, id=13664, stack(0x0000001e15300000,0x0000001e15400000)]

Stack: [0x0000001e15300000,0x0000001e15400000]
Native frames: (J=compiled Java code, j=interpreted, Vv=VM code, C=native code)
V  [jvm.dll+0x6ee8fa]
V  [jvm.dll+0x857a1e]
V  [jvm.dll+0x85940e]
V  [jvm.dll+0x859ac3]
V  [jvm.dll+0x28291f]
V  [jvm.dll+0x85369b]
V  [jvm.dll+0x693276]
V  [jvm.dll+0x6932da]
V  [jvm.dll+0x695bd3]
V  [jvm.dll+0x695a9e]
V  [jvm.dll+0x693c9e]
V  [jvm.dll+0x6a52a9]
V  [jvm.dll+0x69e5f4]
V  [jvm.dll+0x3dac31]
C  0x00000168c627e3f2

Java frames: (J=compiled Java code, j=interpreted, Vv=VM code)
j  java.lang.ref.ReferenceQueue.signal()V+0 java.base@19.0.1
j  java.lang.ref.ReferenceQueue.enqueue0(Ljava/lang/ref/Reference;)Z+93 java.base@19.0.1
j  java.lang.ref.ReferenceQueue.enqueue(Ljava/lang/ref/Reference;)Z+9 java.base@19.0.1
j  java.lang.ref.Reference.enqueueFromPending()V+14 java.base@19.0.1
j  java.lang.ref.Reference.processPendingReferences()V+83 java.base@19.0.1
j  java.lang.ref.Reference$ReferenceHandler.run()V+8 java.base@19.0.1
v  ~StubRoutines::call_stub 0x00000168c626100e

---------------  P R O C E S S  ---------------

Threads class SMR info:
_java_thread_list=0x00000168d563dd80, length=16, elements={
0x00000168d098bf40, 0x00000168d098cd30, 0x00000168d098fdb0, 0x00000168d0990ba0,
0x00000168d09944f0, 0x00000168d0995a30, 0x00000168d0996360, 0x00000168d099a1d0,
0x00000168d095f3c0, 0x00000168d095fb60, 0x00000168d4cb7070, 0x00000168d50492d0,
0x00000168d5049810, 0x00000168d51ce650, 0x00000168d5224980, 0x00000168be30fba0
}

Java Threads: ( => current thread )
=>0x00000168d098bf40 JavaThread "Reference Handler" daemon [_thread_in_vm, id=13664, stack(0x0000001e15300000,0x0000001e15400000)]
  0x00000168d098cd30 JavaThread "Finalizer" daemon [_thread_blocked, id=13468, stack(0x0000001e15400000,0x0000001e15500000)]
  0x00000168d098fdb0 JavaThread "Signal Dispatcher" daemon [_thread_blocked, id=9764, stack(0x0000001e15500000,0x0000001e15600000)]
  0x00000168d0990ba0 JavaThread "Attach Listener" daemon [_thread_blocked, id=15608, stack(0x0000001e15600000,0x0000001e15700000)]
  0x00000168d09944f0 JavaThread "Service Thread" daemon [_thread_blocked, id=4972, stack(0x0000001e15700000,0x0000001e15800000)]
  0x00000168d0995a30 JavaThread "Monitor Deflation Thread" daemon [_thread_blocked, id=14752, stack(0x0000001e15800000,0x0000001e15900000)]
  0x00000168d0996360 JavaThread "C1 CompilerThread0" daemon [_thread_blocked, id=12312, stack(0x0000001e15900000,0x0000001e15a00000)]
  0x00000168d099a1d0 JavaThread "Sweeper thread" daemon [_thread_blocked, id=7068, stack(0x0000001e15a00000,0x0000001e15b00000)]
  0x00000168d095f3c0 JavaThread "Common-Cleaner" daemon [_thread_blocked, id=15980, stack(0x0000001e15b00000,0x0000001e15c00000)]
  0x00000168d095fb60 JavaThread "C1 CompilerThread1" daemon [_thread_blocked, id=13100, stack(0x0000001e15c00000,0x0000001e15d00000)]
  0x00000168d4cb7070 JavaThread "C1 CompilerThread2" daemon [_thread_blocked, id=2980, stack(0x0000001e15d00000,0x0000001e15e00000)]
  0x00000168d50492d0 JavaThread "Monitor Ctrl-Break" daemon [_thread_in_native, id=9328, stack(0x0000001e15e00000,0x0000001e15f00000)]
  0x00000168d5049810 JavaThread "Notification Thread" daemon [_thread_blocked, id=13808, stack(0x0000001e15f00000,0x0000001e16000000)]
  0x00000168d51ce650 JavaThread "C1 CompilerThread3" daemon [_thread_blocked, id=11768, stack(0x0000001e16000000,0x0000001e16100000)]
  0x00000168d5224980 JavaThread "RMI TCP Accept-0" daemon [_thread_in_vm, id=2756, stack(0x0000001e16100000,0x0000001e16200000)]
  0x00000168be30fba0 JavaThread "DestroyJavaVM" [_thread_in_vm, id=1396, stack(0x0000001e14c00000,0x0000001e14d00000)]

Other Threads:
  0x00000168d0970ac0 VMThread "VM Thread" [stack: 0x0000001e15200000,0x0000001e15300000] [id=1880]
  0x00000168d521c8d0 WatcherThread "VM Periodic Task Thread" [stack: 0x0000001e16200000,0x0000001e16300000] [id=6924]
  0x00000168be3739f0 WorkerThread "GC Thread#0" [stack: 0x0000001e14d00000,0x0000001e14e00000] [id=7212]
  0x00000168d4cfbb40 WorkerThread "GC Thread#1" [stack: 0x0000001e16400000,0x0000001e16500000] [id=1628]
  0x00000168d55be360 WorkerThread "GC Thread#2" [stack: 0x0000001e16500000,0x0000001e16600000] [id=12028]
  0x00000168d51a8fe0 WorkerThread "GC Thread#3" [stack: 0x0000001e16700000,0x0000001e16800000] [id=3572]
  0x00000168d51c54a0 WorkerThread "GC Thread#4" [stack: 0x0000001e16600000,0x0000001e16700000] [id=11220]
  0x00000168d51c5770 WorkerThread "GC Thread#5" [stack: 0x0000001e16800000,0x0000001e16900000] [id=4632]
  0x00000168d56443f0 WorkerThread "GC Thread#6" [stack: 0x0000001e16900000,0x0000001e16a00000] [id=16496]
  0x00000168d5645a70 WorkerThread "GC Thread#7" [stack: 0x0000001e16a00000,0x0000001e16b00000] [id=4760]
  0x00000168be385800 ConcurrentGCThread "G1 Main Marker" [stack: 0x0000001e14e00000,0x0000001e14f00000] [id=7892]
  0x00000168be3869d0 WorkerThread "G1 Conc#0" [stack: 0x0000001e14f00000,0x0000001e15000000] [id=7584]
  0x00000168be3be360 ConcurrentGCThread "G1 Refine#0" [stack: 0x0000001e15000000,0x0000001e15100000] [id=16356]
  0x00000168d0829560 ConcurrentGCThread "G1 Service" [stack: 0x0000001e15100000,0x0000001e15200000] [id=16128]

Threads with active compile tasks:

VM state: not at safepoint (normal execution)

VM Mutex/Monitor currently owned by a thread:  ([mutex/lock_event])
[0x00000168be30b590] Metaspace_lock - owner thread: 0x00000168d098bf40

Heap address: 0x0000000081800000, size: 2024 MB, Compressed Oops mode: 32-bit

CDS archive(s) mapped at: [0x0000000800000000-0x0000000800c40000-0x0000000800c40000), size 12845056, SharedBaseAddress: 0x0000000800000000, ArchiveRelocationMode: 0.
Compressed class space mapped at: 0x0000000801000000-0x0000000841000000, reserved size: 1073741824
Narrow klass base: 0x0000000800000000, Narrow klass shift: 0, Narrow klass range: 0x100000000

GC Precious Log:
 CardTable entry size: 512
 Card Set container configuration: InlinePtr #cards 5 size 8 Array Of Cards #cards 12 size 40 Howl #buckets 4 coarsen threshold 1843 Howl Bitmap #cards 512 size 80 coarsen threshold 460 Card regions per heap region 1 cards per card region 2048
 CPUs: 8 total, 8 available
 Memory: 8089M
 Large Page Support: Disabled
 NUMA Support: Disabled
 Compressed Oops: Enabled (32-bit)
 Heap Region Size: 1M
 Heap Min Capacity: 8M
 Heap Initial Capacity: 128M
 Heap Max Capacity: 2024M
 Pre-touch: Disabled
 Parallel Workers: 8
 Concurrent Workers: 2
 Concurrent Refinement Workers: 8
 Periodic GC: Disabled

Heap:
 garbage-first heap   total 131072K, used 7703K [0x0000000081800000, 0x0000000100000000)
  region size 1024K, 4 young (4096K), 3 survivors (3072K)
 Metaspace       used 7497K, committed 7744K, reserved 1114112K
  class space    used 893K, committed 1024K, reserved 1048576K

Heap Regions: E=young(eden), S=young(survivor), O=old, HS=humongous(starts), HC=humongous(continues), CS=collection set, F=free, OA=open archive, CA=closed archive, TAMS=top-at-mark-start (previous, next)
|   0|0x0000000081800000, 0x0000000081900000, 0x0000000081900000|100%|HS|  |TAMS 0x0000000081800000, 0x0000000081800000| Complete 
|   1|0x0000000081900000, 0x0000000081a00000, 0x0000000081a00000|100%| O|  |TAMS 0x0000000081900000, 0x0000000081900000| Untracked 
|   2|0x0000000081a00000, 0x0000000081b00000, 0x0000000081b00000|100%| O|  |TAMS 0x0000000081a00000, 0x0000000081a00000| Untracked 
|   3|0x0000000081b00000, 0x0000000081c00000, 0x0000000081c00000|100%| O|  |TAMS 0x0000000081b00000, 0x0000000081b00000| Untracked 
|   4|0x0000000081c00000, 0x0000000081c85e00, 0x0000000081d00000| 52%| O|  |TAMS 0x0000000081c00000, 0x0000000081c00000| Untracked 
|   5|0x0000000081d00000, 0x0000000081d00000, 0x0000000081e00000|  0%| F|  |TAMS 0x0000000081d00000, 0x0000000081d00000| Untracked 
|   6|0x0000000081e00000, 0x0000000081e00000, 0x0000000081f00000|  0%| F|  |TAMS 0x0000000081e00000, 0x0000000081e00000| Untracked 
|   7|0x0000000081f00000, 0x0000000081f00000, 0x0000000082000000|  0%| F|  |TAMS 0x0000000081f00000, 0x0000000081f00000| Untracked 
|   8|0x0000000082000000, 0x0000000082000000, 0x0000000082100000|  0%| F|  |TAMS 0x0000000082000000, 0x0000000082000000| Untracked 
|   9|0x0000000082100000, 0x0000000082100000, 0x0000000082200000|  0%| F|  |TAMS 0x0000000082100000, 0x0000000082100000| Untracked 
|  10|0x0000000082200000, 0x0000000082200000, 0x0000000082300000|  0%| F|  |TAMS 0x0000000082200000, 0x0000000082200000| Untracked 
|  11|0x0000000082300000, 0x0000000082300000, 0x0000000082400000|  0%| F|  |TAMS 0x0000000082300000, 0x0000000082300000| Untracked 
|  12|0x0000000082400000, 0x0000000082400000, 0x0000000082500000|  0%| F|  |TAMS 0x0000000082400000, 0x0000000082400000| Untracked 
|  13|0x0000000082500000, 0x0000000082500000, 0x0000000082600000|  0%| F|  |TAMS 0x0000000082500000, 0x0000000082500000| Untracked 
|  14|0x0000000082600000, 0x0000000082600000, 0x0000000082700000|  0%| F|  |TAMS 0x0000000082600000, 0x0000000082600000| Untracked 
|  15|0x0000000082700000, 0x0000000082700000, 0x0000000082800000|  0%| F|  |TAMS 0x0000000082700000, 0x0000000082700000| Untracked 
|  16|0x0000000082800000, 0x0000000082800000, 0x0000000082900000|  0%| F|  |TAMS 0x0000000082800000, 0x0000000082800000| Untracked 
|  17|0x0000000082900000, 0x0000000082900000, 0x0000000082a00000|  0%| F|  |TAMS 0x0000000082900000, 0x0000000082900000| Untracked 
|  18|0x0000000082a00000, 0x0000000082a00000, 0x0000000082b00000|  0%| F|  |TAMS 0x0000000082a00000, 0x0000000082a00000| Untracked 
|  19|0x0000000082b00000, 0x0000000082b00000, 0x0000000082c00000|  0%| F|  |TAMS 0x0000000082b00000, 0x0000000082b00000| Untracked 
|  20|0x0000000082c00000, 0x0000000082c00000, 0x0000000082d00000|  0%| F|  |TAMS 0x0000000082c00000, 0x0000000082c00000| Untracked 
|  21|0x0000000082d00000, 0x0000000082d00000, 0x0000000082e00000|  0%| F|  |TAMS 0x0000000082d00000, 0x0000000082d00000| Untracked 
|  22|0x0000000082e00000, 0x0000000082e00000, 0x0000000082f00000|  0%| F|  |TAMS 0x0000000082e00000, 0x0000000082e00000| Untracked 
|  23|0x0000000082f00000, 0x0000000082f00000, 0x0000000083000000|  0%| F|  |TAMS 0x0000000082f00000, 0x0000000082f00000| Untracked 
|  24|0x0000000083000000, 0x0000000083000000, 0x0000000083100000|  0%| F|  |TAMS 0x0000000083000000, 0x0000000083000000| Untracked 
|  25|0x0000000083100000, 0x0000000083100000, 0x0000000083200000|  0%| F|  |TAMS 0x0000000083100000, 0x0000000083100000| Untracked 
|  26|0x0000000083200000, 0x0000000083200000, 0x0000000083300000|  0%| F|  |TAMS 0x0000000083200000, 0x0000000083200000| Untracked 
|  27|0x0000000083300000, 0x0000000083300000, 0x0000000083400000|  0%| F|  |TAMS 0x0000000083300000, 0x0000000083300000| Untracked 
|  28|0x0000000083400000, 0x0000000083400000, 0x0000000083500000|  0%| F|  |TAMS 0x0000000083400000, 0x0000000083400000| Untracked 
|  29|0x0000000083500000, 0x0000000083500000, 0x0000000083600000|  0%| F|  |TAMS 0x0000000083500000, 0x0000000083500000| Untracked 
|  30|0x0000000083600000, 0x0000000083600000, 0x0000000083700000|  0%| F|  |TAMS 0x0000000083600000, 0x0000000083600000| Untracked 
|  31|0x0000000083700000, 0x0000000083700000, 0x0000000083800000|  0%| F|  |TAMS 0x0000000083700000, 0x0000000083700000| Untracked 
|  32|0x0000000083800000, 0x0000000083800000, 0x0000000083900000|  0%| F|  |TAMS 0x0000000083800000, 0x0000000083800000| Untracked 
|  33|0x0000000083900000, 0x0000000083900000, 0x0000000083a00000|  0%| F|  |TAMS 0x0000000083900000, 0x0000000083900000| Untracked 
|  34|0x0000000083a00000, 0x0000000083a00000, 0x0000000083b00000|  0%| F|  |TAMS 0x0000000083a00000, 0x0000000083a00000| Untracked 
|  35|0x0000000083b00000, 0x0000000083b00000, 0x0000000083c00000|  0%| F|  |TAMS 0x0000000083b00000, 0x0000000083b00000| Untracked 
|  36|0x0000000083c00000, 0x0000000083c00000, 0x0000000083d00000|  0%| F|  |TAMS 0x0000000083c00000, 0x0000000083c00000| Untracked 
|  37|0x0000000083d00000, 0x0000000083d00000, 0x0000000083e00000|  0%| F|  |TAMS 0x0000000083d00000, 0x0000000083d00000| Untracked 
|  38|0x0000000083e00000, 0x0000000083e00000, 0x0000000083f00000|  0%| F|  |TAMS 0x0000000083e00000, 0x0000000083e00000| Untracked 
|  39|0x0000000083f00000, 0x0000000083f00000, 0x0000000084000000|  0%| F|  |TAMS 0x0000000083f00000, 0x0000000083f00000| Untracked 
|  40|0x0000000084000000, 0x0000000084000000, 0x0000000084100000|  0%| F|  |TAMS 0x0000000084000000, 0x0000000084000000| Untracked 
|  41|0x0000000084100000, 0x0000000084100000, 0x0000000084200000|  0%| F|  |TAMS 0x0000000084100000, 0x0000000084100000| Untracked 
|  42|0x0000000084200000, 0x0000000084200000, 0x0000000084300000|  0%| F|  |TAMS 0x0000000084200000, 0x0000000084200000| Untracked 
|  43|0x0000000084300000, 0x0000000084300000, 0x0000000084400000|  0%| F|  |TAMS 0x0000000084300000, 0x0000000084300000| Untracked 
|  44|0x0000000084400000, 0x0000000084400000, 0x0000000084500000|  0%| F|  |TAMS 0x0000000084400000, 0x0000000084400000| Untracked 
|  45|0x0000000084500000, 0x0000000084500000, 0x0000000084600000|  0%| F|  |TAMS 0x0000000084500000, 0x0000000084500000| Untracked 
|  46|0x0000000084600000, 0x0000000084600000, 0x0000000084700000|  0%| F|  |TAMS 0x0000000084600000, 0x0000000084600000| Untracked 
|  47|0x0000000084700000, 0x0000000084700000, 0x0000000084800000|  0%| F|  |TAMS 0x0000000084700000, 0x0000000084700000| Untracked 
|  48|0x0000000084800000, 0x0000000084800000, 0x0000000084900000|  0%| F|  |TAMS 0x0000000084800000, 0x0000000084800000| Untracked 
|  49|0x0000000084900000, 0x0000000084900000, 0x0000000084a00000|  0%| F|  |TAMS 0x0000000084900000, 0x0000000084900000| Untracked 
|  50|0x0000000084a00000, 0x0000000084a00000, 0x0000000084b00000|  0%| F|  |TAMS 0x0000000084a00000, 0x0000000084a00000| Untracked 
|  51|0x0000000084b00000, 0x0000000084b00000, 0x0000000084c00000|  0%| F|  |TAMS 0x0000000084b00000, 0x0000000084b00000| Untracked 
|  52|0x0000000084c00000, 0x0000000084c00000, 0x0000000084d00000|  0%| F|  |TAMS 0x0000000084c00000, 0x0000000084c00000| Untracked 
|  53|0x0000000084d00000, 0x0000000084d00000, 0x0000000084e00000|  0%| F|  |TAMS 0x0000000084d00000, 0x0000000084d00000| Untracked 
|  54|0x0000000084e00000, 0x0000000084e00000, 0x0000000084f00000|  0%| F|  |TAMS 0x0000000084e00000, 0x0000000084e00000| Untracked 
|  55|0x0000000084f00000, 0x0000000084f00000, 0x0000000085000000|  0%| F|  |TAMS 0x0000000084f00000, 0x0000000084f00000| Untracked 
|  56|0x0000000085000000, 0x0000000085000000, 0x0000000085100000|  0%| F|  |TAMS 0x0000000085000000, 0x0000000085000000| Untracked 
|  57|0x0000000085100000, 0x0000000085100000, 0x0000000085200000|  0%| F|  |TAMS 0x0000000085100000, 0x0000000085100000| Untracked 
|  58|0x0000000085200000, 0x0000000085200000, 0x0000000085300000|  0%| F|  |TAMS 0x0000000085200000, 0x0000000085200000| Untracked 
|  59|0x0000000085300000, 0x0000000085300000, 0x0000000085400000|  0%| F|  |TAMS 0x0000000085300000, 0x0000000085300000| Untracked 
|  60|0x0000000085400000, 0x0000000085400000, 0x0000000085500000|  0%| F|  |TAMS 0x0000000085400000, 0x0000000085400000| Untracked 
|  61|0x0000000085500000, 0x0000000085500000, 0x0000000085600000|  0%| F|  |TAMS 0x0000000085500000, 0x0000000085500000| Untracked 
|  62|0x0000000085600000, 0x0000000085600000, 0x0000000085700000|  0%| F|  |TAMS 0x0000000085600000, 0x0000000085600000| Untracked 
|  63|0x0000000085700000, 0x0000000085700000, 0x0000000085800000|  0%| F|  |TAMS 0x0000000085700000, 0x0000000085700000| Untracked 
|  64|0x0000000085800000, 0x0000000085800000, 0x0000000085900000|  0%| F|  |TAMS 0x0000000085800000, 0x0000000085800000| Untracked 
|  65|0x0000000085900000, 0x0000000085900000, 0x0000000085a00000|  0%| F|  |TAMS 0x0000000085900000, 0x0000000085900000| Untracked 
|  66|0x0000000085a00000, 0x0000000085a00000, 0x0000000085b00000|  0%| F|  |TAMS 0x0000000085a00000, 0x0000000085a00000| Untracked 
|  67|0x0000000085b00000, 0x0000000085b00000, 0x0000000085c00000|  0%| F|  |TAMS 0x0000000085b00000, 0x0000000085b00000| Untracked 
|  68|0x0000000085c00000, 0x0000000085c00000, 0x0000000085d00000|  0%| F|  |TAMS 0x0000000085c00000, 0x0000000085c00000| Untracked 
|  69|0x0000000085d00000, 0x0000000085d00000, 0x0000000085e00000|  0%| F|  |TAMS 0x0000000085d00000, 0x0000000085d00000| Untracked 
|  70|0x0000000085e00000, 0x0000000085e00000, 0x0000000085f00000|  0%| F|  |TAMS 0x0000000085e00000, 0x0000000085e00000| Untracked 
|  71|0x0000000085f00000, 0x0000000085f00000, 0x0000000086000000|  0%| F|  |TAMS 0x0000000085f00000, 0x0000000085f00000| Untracked 
|  72|0x0000000086000000, 0x0000000086000000, 0x0000000086100000|  0%| F|  |TAMS 0x0000000086000000, 0x0000000086000000| Untracked 
|  73|0x0000000086100000, 0x0000000086100000, 0x0000000086200000|  0%| F|  |TAMS 0x0000000086100000, 0x0000000086100000| Untracked 
|  74|0x0000000086200000, 0x0000000086200000, 0x0000000086300000|  0%| F|  |TAMS 0x0000000086200000, 0x0000000086200000| Untracked 
|  75|0x0000000086300000, 0x0000000086300000, 0x0000000086400000|  0%| F|  |TAMS 0x0000000086300000, 0x0000000086300000| Untracked 
|  76|0x0000000086400000, 0x0000000086400000, 0x0000000086500000|  0%| F|  |TAMS 0x0000000086400000, 0x0000000086400000| Untracked 
|  77|0x0000000086500000, 0x0000000086500000, 0x0000000086600000|  0%| F|  |TAMS 0x0000000086500000, 0x0000000086500000| Untracked 
|  78|0x0000000086600000, 0x0000000086600000, 0x0000000086700000|  0%| F|  |TAMS 0x0000000086600000, 0x0000000086600000| Untracked 
|  79|0x0000000086700000, 0x0000000086700000, 0x0000000086800000|  0%| F|  |TAMS 0x0000000086700000, 0x0000000086700000| Untracked 
|  80|0x0000000086800000, 0x0000000086800000, 0x0000000086900000|  0%| F|  |TAMS 0x0000000086800000, 0x0000000086800000| Untracked 
|  81|0x0000000086900000, 0x0000000086900000, 0x0000000086a00000|  0%| F|  |TAMS 0x0000000086900000, 0x0000000086900000| Untracked 
|  82|0x0000000086a00000, 0x0000000086a00000, 0x0000000086b00000|  0%| F|  |TAMS 0x0000000086a00000, 0x0000000086a00000| Untracked 
|  83|0x0000000086b00000, 0x0000000086b00000, 0x0000000086c00000|  0%| F|  |TAMS 0x0000000086b00000, 0x0000000086b00000| Untracked 
|  84|0x0000000086c00000, 0x0000000086c00000, 0x0000000086d00000|  0%| F|  |TAMS 0x0000000086c00000, 0x0000000086c00000| Untracked 
|  85|0x0000000086d00000, 0x0000000086d00000, 0x0000000086e00000|  0%| F|  |TAMS 0x0000000086d00000, 0x0000000086d00000| Untracked 
|  86|0x0000000086e00000, 0x0000000086e00000, 0x0000000086f00000|  0%| F|  |TAMS 0x0000000086e00000, 0x0000000086e00000| Untracked 
|  87|0x0000000086f00000, 0x0000000086f00000, 0x0000000087000000|  0%| F|  |TAMS 0x0000000086f00000, 0x0000000086f00000| Untracked 
|  88|0x0000000087000000, 0x0000000087000000, 0x0000000087100000|  0%| F|  |TAMS 0x0000000087000000, 0x0000000087000000| Untracked 
|  89|0x0000000087100000, 0x0000000087100000, 0x0000000087200000|  0%| F|  |TAMS 0x0000000087100000, 0x0000000087100000| Untracked 
|  90|0x0000000087200000, 0x0000000087200000, 0x0000000087300000|  0%| F|  |TAMS 0x0000000087200000, 0x0000000087200000| Untracked 
|  91|0x0000000087300000, 0x0000000087300000, 0x0000000087400000|  0%| F|  |TAMS 0x0000000087300000, 0x0000000087300000| Untracked 
|  92|0x0000000087400000, 0x0000000087400000, 0x0000000087500000|  0%| F|  |TAMS 0x0000000087400000, 0x0000000087400000| Untracked 
|  93|0x0000000087500000, 0x0000000087500000, 0x0000000087600000|  0%| F|  |TAMS 0x0000000087500000, 0x0000000087500000| Untracked 
|  94|0x0000000087600000, 0x0000000087600000, 0x0000000087700000|  0%| F|  |TAMS 0x0000000087600000, 0x0000000087600000| Untracked 
|  95|0x0000000087700000, 0x0000000087700000, 0x0000000087800000|  0%| F|  |TAMS 0x0000000087700000, 0x0000000087700000| Untracked 
|  96|0x0000000087800000, 0x0000000087800000, 0x0000000087900000|  0%| F|  |TAMS 0x0000000087800000, 0x0000000087800000| Untracked 
|  97|0x0000000087900000, 0x0000000087900000, 0x0000000087a00000|  0%| F|  |TAMS 0x0000000087900000, 0x0000000087900000| Untracked 
|  98|0x0000000087a00000, 0x0000000087a00000, 0x0000000087b00000|  0%| F|  |TAMS 0x0000000087a00000, 0x0000000087a00000| Untracked 
|  99|0x0000000087b00000, 0x0000000087b00000, 0x0000000087c00000|  0%| F|  |TAMS 0x0000000087b00000, 0x0000000087b00000| Untracked 
| 100|0x0000000087c00000, 0x0000000087c00000, 0x0000000087d00000|  0%| F|  |TAMS 0x0000000087c00000, 0x0000000087c00000| Untracked 
| 101|0x0000000087d00000, 0x0000000087d00000, 0x0000000087e00000|  0%| F|  |TAMS 0x0000000087d00000, 0x0000000087d00000| Untracked 
| 102|0x0000000087e00000, 0x0000000087f00000, 0x0000000087f00000|100%| S|CS|TAMS 0x0000000087e00000, 0x0000000087e00000| Complete 
| 103|0x0000000087f00000, 0x0000000088000000, 0x0000000088000000|100%| S|CS|TAMS 0x0000000087f00000, 0x0000000087f00000| Complete 
| 104|0x0000000088000000, 0x0000000088100000, 0x0000000088100000|100%| S|CS|TAMS 0x0000000088000000, 0x0000000088000000| Complete 
| 105|0x0000000088100000, 0x0000000088100000, 0x0000000088200000|  0%| F|  |TAMS 0x0000000088100000, 0x0000000088100000| Untracked 
| 106|0x0000000088200000, 0x0000000088200000, 0x0000000088300000|  0%| F|  |TAMS 0x0000000088200000, 0x0000000088200000| Untracked 
| 107|0x0000000088300000, 0x0000000088300000, 0x0000000088400000|  0%| F|  |TAMS 0x0000000088300000, 0x0000000088300000| Untracked 
| 108|0x0000000088400000, 0x0000000088400000, 0x0000000088500000|  0%| F|  |TAMS 0x0000000088400000, 0x0000000088400000| Untracked 
| 109|0x0000000088500000, 0x0000000088500000, 0x0000000088600000|  0%| F|  |TAMS 0x0000000088500000, 0x0000000088500000| Untracked 
| 110|0x0000000088600000, 0x0000000088600000, 0x0000000088700000|  0%| F|  |TAMS 0x0000000088600000, 0x0000000088600000| Untracked 
| 111|0x0000000088700000, 0x0000000088700000, 0x0000000088800000|  0%| F|  |TAMS 0x0000000088700000, 0x0000000088700000| Untracked 
| 112|0x0000000088800000, 0x0000000088800000, 0x0000000088900000|  0%| F|  |TAMS 0x0000000088800000, 0x0000000088800000| Untracked 
| 113|0x0000000088900000, 0x0000000088900000, 0x0000000088a00000|  0%| F|  |TAMS 0x0000000088900000, 0x0000000088900000| Untracked 
| 114|0x0000000088a00000, 0x0000000088a00000, 0x0000000088b00000|  0%| F|  |TAMS 0x0000000088a00000, 0x0000000088a00000| Untracked 
| 115|0x0000000088b00000, 0x0000000088b00000, 0x0000000088c00000|  0%| F|  |TAMS 0x0000000088b00000, 0x0000000088b00000| Untracked 
| 116|0x0000000088c00000, 0x0000000088c00000, 0x0000000088d00000|  0%| F|  |TAMS 0x0000000088c00000, 0x0000000088c00000| Untracked 
| 117|0x0000000088d00000, 0x0000000088d00000, 0x0000000088e00000|  0%| F|  |TAMS 0x0000000088d00000, 0x0000000088d00000| Untracked 
| 118|0x0000000088e00000, 0x0000000088e00000, 0x0000000088f00000|  0%| F|  |TAMS 0x0000000088e00000, 0x0000000088e00000| Untracked 
| 119|0x0000000088f00000, 0x0000000088f00000, 0x0000000089000000|  0%| F|  |TAMS 0x0000000088f00000, 0x0000000088f00000| Untracked 
| 120|0x0000000089000000, 0x0000000089000000, 0x0000000089100000|  0%| F|  |TAMS 0x0000000089000000, 0x0000000089000000| Untracked 
| 121|0x0000000089100000, 0x0000000089100000, 0x0000000089200000|  0%| F|  |TAMS 0x0000000089100000, 0x0000000089100000| Untracked 
| 122|0x0000000089200000, 0x0000000089200000, 0x0000000089300000|  0%| F|  |TAMS 0x0000000089200000, 0x0000000089200000| Untracked 
| 123|0x0000000089300000, 0x0000000089300000, 0x0000000089400000|  0%| F|  |TAMS 0x0000000089300000, 0x0000000089300000| Untracked 
| 124|0x0000000089400000, 0x0000000089400000, 0x0000000089500000|  0%| F|  |TAMS 0x0000000089400000, 0x0000000089400000| Untracked 
| 125|0x0000000089500000, 0x0000000089500000, 0x0000000089600000|  0%| F|  |TAMS 0x0000000089500000, 0x0000000089500000| Untracked 
| 126|0x0000000089600000, 0x0000000089600000, 0x0000000089700000|  0%| F|  |TAMS 0x0000000089600000, 0x0000000089600000| Untracked 
| 127|0x0000000089700000, 0x0000000089768440, 0x0000000089800000| 40%| E|  |TAMS 0x0000000089700000, 0x0000000089700000| Complete 

Card table byte_map: [0x00000168c9770000,0x00000168c9b70000] _byte_map_base: 0x00000168c9364000

Marking Bits (Prev, Next): (CMBitMap*) 0x00000168be375030, (CMBitMap*) 0x00000168be375070
 Prev Bits: [0x00000168c9f70000, 0x00000168cbf10000)
 Next Bits: [0x00000168cbf10000, 0x00000168cdeb0000)

Polling page: 0x00000168bc290000

Metaspace:

Usage:
  Non-class:      6.45 MB used.
      Class:    893.45 KB used.
       Both:      7.32 MB used.

Virtual space:
  Non-class space:       64.00 MB reserved,       6.56 MB ( 10%) committed,  1 nodes.
      Class space:        1.00 GB reserved,       1.00 MB ( <1%) committed,  1 nodes.
             Both:        1.06 GB reserved,       7.56 MB ( <1%) committed. 

Chunk freelists:
   Non-Class:  1.29 MB
       Class:  2.98 MB
        Both:  4.28 MB

MaxMetaspaceSize: unlimited
CompressedClassSpaceSize: 1.00 GB
Initial GC threshold: 21.00 MB
Current GC threshold: 21.00 MB
CDS: on
MetaspaceReclaimPolicy: balanced
 - commit_granule_bytes: 65536.
 - commit_granule_words: 8192.
 - virtual_space_node_default_size: 8388608.
 - enlarge_chunks_in_place: 1.
 - new_chunks_are_fully_committed: 0.
 - uncommit_free_chunks: 1.
 - use_allocation_guard: 0.


Internal statistics:

num_allocs_failed_limit: 0.
num_arena_births: 198.
num_arena_deaths: 0.
num_vsnodes_births: 2.
num_vsnodes_deaths: 0.
num_space_committed: 121.
num_space_uncommitted: 0.
num_chunks_returned_to_freelist: 0.
num_chunks_taken_from_freelist: 304.
num_chunk_merges: 0.
num_chunk_splits: 203.
num_chunks_enlarged: 133.
num_inconsistent_stats: 0.

CodeCache: size=49152Kb used=4927Kb max_used=4927Kb free=44224Kb
 bounds [0x00000168c6260000, 0x00000168c6730000, 0x00000168c9260000]
 total_blobs=1915 nmethods=1442 adapters=396
 compilation: disabled (not enough contiguous free space left)
              stopped_count=1, restarted_count=0
 full_count=1

Compilation events (20 events):
Event: 1.105 Thread 0x00000168d095fb60 1433       1       java.util.Objects::hash (5 bytes)
Event: 1.105 Thread 0x00000168d51ce650 1434       1       java.lang.Byte::hashCode (8 bytes)
Event: 1.105 Thread 0x00000168d4cb7070 nmethod 1432 0x00000168c672b390 code [0x00000168c672b520, 0x00000168c672b5d8]
Event: 1.105 Thread 0x00000168d095fb60 nmethod 1433 0x00000168c672b690 code [0x00000168c672b820, 0x00000168c672b8e8]
Event: 1.105 Thread 0x00000168d4cb7070 1435       1       java.lang.Byte::hashCode (2 bytes)
Event: 1.105 Thread 0x00000168d51ce650 nmethod 1434 0x00000168c672b990 code [0x00000168c672bb20, 0x00000168c672bbd8]
Event: 1.105 Thread 0x00000168d4cb7070 nmethod 1435 0x00000168c672bc90 code [0x00000168c672be20, 0x00000168c672beb8]
Event: 1.105 Thread 0x00000168d0996360 nmethod 1431 0x00000168c672bf90 code [0x00000168c672c180, 0x00000168c672c748]
Event: 1.108 Thread 0x00000168d0996360 1436       1       java.lang.ClassLoader::definePackage (85 bytes)
Event: 1.108 Thread 0x00000168d0996360 nmethod 1436 0x00000168c672c910 code [0x00000168c672cb40, 0x00000168c672d0a8]
Event: 1.108 Thread 0x00000168d51ce650 1437       1       jdk.internal.loader.BuiltinClassLoader::isSealed (71 bytes)
Event: 1.108 Thread 0x00000168d0996360 1438       1       java.lang.ClassLoader::compareCerts (197 bytes)
Event: 1.109 Thread 0x00000168d0996360 nmethod 1438 0x00000168c672d410 code [0x00000168c672d5e0, 0x00000168c672d958]
Event: 1.110 Thread 0x00000168d51ce650 nmethod 1437 0x00000168c672db90 code [0x00000168c672de40, 0x00000168c672e698]
Event: 1.111 Thread 0x00000168d51ce650 1440       1       java.lang.invoke.LambdaFormBuffer::changeName (149 bytes)
Event: 1.111 Thread 0x00000168d51ce650 nmethod 1440 0x00000168c672f010 code [0x00000168c672f1c0, 0x00000168c672f488]
Event: 1.111 Thread 0x00000168d51ce650 1441       1       java.util.Arrays::fill (28 bytes)
Event: 1.112 Thread 0x00000168d51ce650 nmethod 1441 0x00000168c672f610 code [0x00000168c672f7c0, 0x00000168c672f9a8]
Event: 1.114 Thread 0x00000168d51ce650 1442       1       java.lang.invoke.InnerClassLambdaMetafactory::getOpcodeOffset (38 bytes)
Event: 1.114 Thread 0x00000168d51ce650 nmethod 1442 0x00000168c672fb10 code [0x00000168c672fcc0, 0x00000168c672fe78]

GC Heap History (2 events):
Event: 1.118 GC heap before
{Heap before GC invocations=0 (full 0):
 garbage-first heap   total 131072K, used 23552K [0x0000000081800000, 0x0000000100000000)
  region size 1024K, 23 young (23552K), 0 survivors (0K)
 Metaspace       used 7497K, committed 7744K, reserved 1114112K
  class space    used 893K, committed 1024K, reserved 1048576K
}
Event: 1.132 GC heap after
{Heap after GC invocations=1 (full 0):
 garbage-first heap   total 131072K, used 7703K [0x0000000081800000, 0x0000000100000000)
  region size 1024K, 3 young (3072K), 3 survivors (3072K)
 Metaspace       used 7497K, committed 7744K, reserved 1114112K
  class space    used 893K, committed 1024K, reserved 1048576K
}

Dll operation events (12 events):
Event: 0.064 Loaded shared library C:\Program Files\Java\jdk-19\bin\java.dll
Event: 0.080 Loaded shared library C:\Program Files\Java\jdk-19\bin\jsvml.dll
Event: 0.251 Loaded shared library C:\Program Files\Java\jdk-19\bin\zip.dll
Event: 0.256 Loaded shared library C:\Program Files\Java\jdk-19\bin\instrument.dll
Event: 0.265 Loaded shared library C:\Program Files\Java\jdk-19\bin\net.dll
Event: 0.268 Loaded shared library C:\Program Files\Java\jdk-19\bin\nio.dll
Event: 0.272 Loaded shared library C:\Program Files\Java\jdk-19\bin\zip.dll
Event: 0.413 Loaded shared library C:\Program Files\JetBrains\IntelliJ IDEA 2024.1.2\bin\breakgen64.dll
Event: 0.420 Loaded shared library C:\Program Files\Java\jdk-19\bin\jimage.dll
Event: 0.424 Loaded shared library C:\Program Files\Java\jdk-19\bin\extnet.dll
Event: 0.440 Loaded shared library C:\Program Files\Java\jdk-19\bin\management.dll
Event: 0.456 Loaded shared library C:\Program Files\Java\jdk-19\bin\management_ext.dll

Deoptimization events (4 events):
Event: 0.591 Thread 0x00000168be30fba0 DEOPT PACKING pc=0x00000168c6594e55 sp=0x0000001e14cfd090
Event: 0.591 Thread 0x00000168be30fba0 DEOPT UNPACKING pc=0x00000168c62c7543 sp=0x0000001e14cfc540 mode 3
Event: 0.602 Thread 0x00000168be30fba0 DEOPT PACKING pc=0x00000168c663a9d0 sp=0x0000001e14cfd060
Event: 0.602 Thread 0x00000168be30fba0 DEOPT UNPACKING pc=0x00000168c62c7543 sp=0x0000001e14cfc518 mode 3

Classes loaded (20 events):
Event: 1.092 Loading class java/lang/StackStreamFactory$StackFrameTraverser done
Event: 1.092 Loading class java/lang/StackStreamFactory$WalkerState
Event: 1.092 Loading class java/lang/StackStreamFactory$WalkerState done
Event: 1.092 Loading class java/lang/StackStreamFactory$1
Event: 1.093 Loading class java/lang/StackStreamFactory$1 done
Event: 1.093 Loading class java/lang/StackStreamFactory$StackFrameTraverser$StackFrameBuffer
Event: 1.093 Loading class sun/util/resources/TimeZoneNames done
Event: 1.093 Loading class java/lang/StackStreamFactory$FrameBuffer
Event: 1.093 Loading class sun/util/resources/TimeZoneNames_en
Event: 1.093 Loading class sun/util/resources/TimeZoneNames_en done
Event: 1.093 Loading class java/lang/StackStreamFactory$FrameBuffer done
Event: 1.093 Loading class java/lang/StackStreamFactory$StackFrameTraverser$StackFrameBuffer done
Event: 1.102 Loading class java/util/concurrent/RejectedExecutionException
Event: 1.102 Loading class java/util/concurrent/RejectedExecutionException done
Event: 1.115 Loading class java/lang/Throwable$WrappedPrintStream
Event: 1.115 Loading class java/lang/Throwable$PrintStreamOrWriter
Event: 1.115 Loading class java/lang/Throwable$PrintStreamOrWriter done
Event: 1.115 Loading class java/lang/Throwable$WrappedPrintStream done
Event: 1.115 Loading class java/lang/StackTraceElement$HashedModules
Event: 1.116 Loading class java/lang/StackTraceElement$HashedModules done

Classes unloaded (0 events):
No events

Classes redefined (0 events):
No events

Internal exceptions (20 events):
Event: 0.627 Thread 0x00000168be30fba0 Exception <a 'java/lang/NoSuchMethodError'{0x0000000088b87d90}: 'int java.lang.invoke.DirectMethodHandle$Holder.invokeSpecialIFC(java.lang.Object, java.lang.Object, java.lang.Object)'> (0x0000000088b87d90) 
thrown [s\open\src\hotspot\share\interpreter\linkResolver.cpp, line 774]
Event: 0.655 Thread 0x00000168be30fba0 Exception <a 'java/lang/NoSuchMethodError'{0x0000000088bfdcc8}: 'java.lang.Object java.lang.invoke.DirectMethodHandle$Holder.invokeStaticInit(java.lang.Object, int, int, int, int)'> (0x0000000088bfdcc8) 
thrown [s\open\src\hotspot\share\interpreter\linkResolver.cpp, line 774]
Event: 0.770 Thread 0x00000168be30fba0 Exception <a 'java/lang/NoSuchMethodError'{0x0000000088a40b50}: 'java.lang.Object java.lang.invoke.DirectMethodHandle$Holder.invokeStaticInit(java.lang.Object, java.lang.Object, int, int, int, int)'> (0x0000000088a40b50) 
thrown [s\open\src\hotspot\share\interpreter\linkResolver.cpp, line 774]
Event: 0.790 Thread 0x00000168be30fba0 Exception <a 'java/lang/ClassNotFoundException'{0x0000000088a60df8}: javax/management/remote/rmi/RMIServerImpl_Skel> (0x0000000088a60df8) 
thrown [s\open\src\hotspot\share\classfile\systemDictionary.cpp, line 255]
Event: 0.808 Thread 0x00000168be30fba0 Exception <a 'java/lang/NoSuchMethodError'{0x0000000088a7af00}: 'long java.lang.invoke.DirectMethodHandle$Holder.invokeSpecial(java.lang.Object, java.lang.Object)'> (0x0000000088a7af00) 
thrown [s\open\src\hotspot\share\interpreter\linkResolver.cpp, line 774]
Event: 0.809 Thread 0x00000168be30fba0 Exception <a 'java/lang/NoSuchMethodError'{0x0000000088a7e858}: 'long java.lang.invoke.Invokers$Holder.invokeExact_MT(java.lang.Object, java.lang.Object)'> (0x0000000088a7e858) 
thrown [s\open\src\hotspot\share\interpreter\linkResolver.cpp, line 774]
Event: 0.818 Thread 0x00000168be30fba0 Exception <a 'java/lang/NoSuchMethodError'{0x0000000088a97698}: 'void java.lang.invoke.DirectMethodHandle$Holder.invokeSpecial(java.lang.Object, java.lang.Object, java.lang.Object)'> (0x0000000088a97698) 
thrown [s\open\src\hotspot\share\interpreter\linkResolver.cpp, line 774]
Event: 0.893 Thread 0x00000168be30fba0 Exception <a 'java/lang/ClassNotFoundException'{0x00000000888f5f98}: javax/smartcardio/CardPermission> (0x00000000888f5f98) 
thrown [s\open\src\hotspot\share\classfile\systemDictionary.cpp, line 255]
Event: 0.897 Thread 0x00000168be30fba0 Exception <a 'java/io/FileNotFoundException'{0x0000000088704ae0}> (0x0000000088704ae0) 
thrown [s\open\src\hotspot\share\prims\jni.cpp, line 517]
Event: 0.913 Thread 0x00000168be30fba0 Exception <a 'java/lang/NoSuchMethodError'{0x0000000088777e30}: 'java.lang.Object java.lang.invoke.DirectMethodHandle$Holder.invokeSpecial(java.lang.Object, java.lang.Object, java.lang.Object, long, java.lang.Object)'> (0x0000000088777e30) 
thrown [s\open\src\hotspot\share\interpreter\linkResolver.cpp, line 774]
Event: 0.913 Thread 0x00000168be30fba0 Exception <a 'java/lang/NoSuchMethodError'{0x000000008877ba48}: 'java.lang.Object java.lang.invoke.Invokers$Holder.linkToTargetMethod(java.lang.Object, long, java.lang.Object, java.lang.Object)'> (0x000000008877ba48) 
thrown [s\open\src\hotspot\share\interpreter\linkResolver.cpp, line 774]
Event: 0.990 Thread 0x00000168be30fba0 Exception <a 'java/lang/NoSuchMethodError'{0x0000000088555eb8}: 'void java.lang.invoke.DirectMethodHandle$Holder.invokeStatic(java.lang.Object, java.lang.Object, java.lang.Object, java.lang.Object)'> (0x0000000088555eb8) 
thrown [s\open\src\hotspot\share\interpreter\linkResolver.cpp, line 774]
Event: 1.023 Thread 0x00000168be30fba0 Exception <a 'java/lang/NoSuchMethodError'{0x0000000088472800}: 'int java.lang.invoke.DirectMethodHandle$Holder.invokeStaticInit(java.lang.Object, java.lang.Object)'> (0x0000000088472800) 
thrown [s\open\src\hotspot\share\interpreter\linkResolver.cpp, line 774]
Event: 1.034 Thread 0x00000168be30fba0 Exception <a 'java/lang/NoSuchMethodError'{0x00000000884b0fe0}: 'void java.lang.invoke.DirectMethodHandle$Holder.invokeInterface(java.lang.Object, java.lang.Object, java.lang.Object, java.lang.Object)'> (0x00000000884b0fe0) 
thrown [s\open\src\hotspot\share\interpreter\linkResolver.cpp, line 774]
Event: 1.094 Thread 0x00000168be30fba0 Exception <a 'java/lang/NoSuchMethodError'{0x00000000882c5318}: 'java.lang.Object java.lang.invoke.DirectMethodHandle$Holder.invokeInterface(java.lang.Object, java.lang.Object)'> (0x00000000882c5318) 
thrown [s\open\src\hotspot\share\interpreter\linkResolver.cpp, line 774]
Event: 1.095 Thread 0x00000168d0990ba0 Exception <a 'java/lang/NoSuchMethodError'{0x000000008826e820}: 'java.lang.Object java.lang.invoke.Invokers$Holder.invokeExact_MT(java.lang.Object, java.lang.Object, java.lang.Object, java.lang.Object, java.lang.Object, java.lang.Object)'> (0x000000008826e820) 
thrown [s\open\src\hotspot\share\interpreter\linkResolver.cpp, line 774]
Event: 1.106 Thread 0x00000168be30fba0 Exception <a 'java/lang/NoSuchMethodError'{0x0000000088198278}: 'java.lang.Object java.lang.invoke.DirectMethodHandle$Holder.invokeSpecialIFC(java.lang.Object, java.lang.Object, java.lang.Object, java.lang.Object)'> (0x0000000088198278) 
thrown [s\open\src\hotspot\share\interpreter\linkResolver.cpp, line 774]
Event: 1.110 Thread 0x00000168be30fba0 Exception <a 'java/lang/NoSuchMethodError'{0x00000000881b3760}: 'java.lang.Object java.lang.invoke.DirectMethodHandle$Holder.invokeInterface(java.lang.Object, java.lang.Object, java.lang.Object)'> (0x00000000881b3760) 
thrown [s\open\src\hotspot\share\interpreter\linkResolver.cpp, line 774]
Event: 1.115 Thread 0x00000168be30fba0 Exception <a 'java/lang/VirtualMachineError'{0x00000000881d59d8}: Out of space in CodeCache for method handle intrinsic> (0x00000000881d59d8) 
thrown [s\open\src\hotspot\share\classfile\systemDictionary.cpp, line 2032]
Event: 1.115 Thread 0x00000168be30fba0 Exception <a 'java/lang/NoSuchMethodError'{0x00000000881d5d50}: 'void java.lang.invoke.MethodHandle.linkToVirtual(java.lang.Object, java.lang.Object, java.lang.invoke.MemberName)'> (0x00000000881d5d50) 
thrown [s\open\src\hotspot\share\interpreter\linkResolver.cpp, line 774]

VM Operations (18 events):
Event: 0.238 Executing VM operation: HandshakeAllThreads
Event: 0.238 Executing VM operation: HandshakeAllThreads done
Event: 0.416 Executing VM operation: HandshakeAllThreads
Event: 0.416 Executing VM operation: HandshakeAllThreads done
Event: 0.645 Executing VM operation: HandshakeAllThreads
Event: 0.645 Executing VM operation: HandshakeAllThreads done
Event: 0.788 Executing VM operation: HandshakeAllThreads
Event: 0.788 Executing VM operation: HandshakeAllThreads done
Event: 0.822 Executing VM operation: HandshakeAllThreads
Event: 0.822 Executing VM operation: HandshakeAllThreads done
Event: 0.859 Executing VM operation: HandshakeAllThreads
Event: 0.859 Executing VM operation: HandshakeAllThreads done
Event: 0.862 Executing VM operation: HandshakeAllThreads
Event: 0.862 Executing VM operation: HandshakeAllThreads done
Event: 1.054 Executing VM operation: ICBufferFull
Event: 1.054 Executing VM operation: ICBufferFull done
Event: 1.118 Executing VM operation: G1CollectForAllocation
Event: 1.132 Executing VM operation: G1CollectForAllocation done

Events (19 events):
Event: 0.081 Thread 0x00000168be30fba0 Thread added: 0x00000168be30fba0
Event: 0.103 Thread 0x00000168d098bf40 Thread added: 0x00000168d098bf40
Event: 0.103 Thread 0x00000168d098cd30 Thread added: 0x00000168d098cd30
Event: 0.104 Thread 0x00000168d098fdb0 Thread added: 0x00000168d098fdb0
Event: 0.104 Thread 0x00000168d0990ba0 Thread added: 0x00000168d0990ba0
Event: 0.104 Thread 0x00000168d09944f0 Thread added: 0x00000168d09944f0
Event: 0.104 Thread 0x00000168d0995a30 Thread added: 0x00000168d0995a30
Event: 0.104 Thread 0x00000168d0996360 Thread added: 0x00000168d0996360
Event: 0.104 Thread 0x00000168d099a1d0 Thread added: 0x00000168d099a1d0
Event: 0.226 Thread 0x00000168d095f3c0 Thread added: 0x00000168d095f3c0
Event: 0.238 Thread 0x00000168d095fb60 Thread added: 0x00000168d095fb60
Event: 0.241 Thread 0x00000168d4cb7070 Thread added: 0x00000168d4cb7070
Event: 0.413 Thread 0x00000168d50492d0 Thread added: 0x00000168d50492d0
Event: 0.414 Thread 0x00000168d5049810 Thread added: 0x00000168d5049810
Event: 0.594 Thread 0x00000168d51ce650 Thread added: 0x00000168d51ce650
Event: 0.802 Thread 0x00000168d5224980 Thread added: 0x00000168d5224980
Event: 1.117 Thread 0x00000168be30fba0 Thread exited: 0x00000168be30fba0
Event: 1.117 Thread 0x00000168be30fba0 Thread added: 0x00000168be30fba0
Event: 1.117 Thread 0x00000168d4cfb600 Thread added: 0x00000168d4cfb600


Dynamic libraries:
0x00007ff73edc0000 - 0x00007ff73edd0000 	C:\Program Files\Java\jdk-19\bin\java.exe
0x00007ff9d9e50000 - 0x00007ff9da067000 	C:\WINDOWS\SYSTEM32\ntdll.dll
0x00007ff9d8000000 - 0x00007ff9d80c4000 	C:\WINDOWS\System32\KERNEL32.DLL
0x00007ff9d72b0000 - 0x00007ff9d7657000 	C:\WINDOWS\System32\KERNELBASE.dll
0x00007ff9d79b0000 - 0x00007ff9d7ac1000 	C:\WINDOWS\System32\ucrtbase.dll
0x00007ff9c3fa0000 - 0x00007ff9c3fbb000 	C:\Program Files\Java\jdk-19\bin\VCRUNTIME140.dll
0x00007ff9c52e0000 - 0x00007ff9c52f8000 	C:\Program Files\Java\jdk-19\bin\jli.dll
0x00007ff9d8900000 - 0x00007ff9d89b2000 	C:\WINDOWS\System32\ADVAPI32.dll
0x00007ff9d9b50000 - 0x00007ff9d9bf7000 	C:\WINDOWS\System32\msvcrt.dll
0x00007ff9d99a0000 - 0x00007ff9d9a48000 	C:\WINDOWS\System32\sechost.dll
0x00007ff9d7ad0000 - 0x00007ff9d7af8000 	C:\WINDOWS\System32\bcrypt.dll
0x00007ff9d8b20000 - 0x00007ff9d8c35000 	C:\WINDOWS\System32\RPCRT4.dll
0x00007ff9d8740000 - 0x00007ff9d88ee000 	C:\WINDOWS\System32\USER32.dll
0x00007ff9d7280000 - 0x00007ff9d72a6000 	C:\WINDOWS\System32\win32u.dll
0x00007ff9d8710000 - 0x00007ff9d8739000 	C:\WINDOWS\System32\GDI32.dll
0x00007ff9c03d0000 - 0x00007ff9c0663000 	C:\WINDOWS\WinSxS\amd64_microsoft.windows.common-controls_6595b64144ccf1df_6.0.22621.3527_none_270e469b73872a76\COMCTL32.dll
0x00007ff9d7660000 - 0x00007ff9d7779000 	C:\WINDOWS\System32\gdi32full.dll
0x00007ff9d7170000 - 0x00007ff9d720a000 	C:\WINDOWS\System32\msvcp_win.dll
0x00007ff9c7360000 - 0x00007ff9c736a000 	C:\WINDOWS\SYSTEM32\VERSION.dll
0x00007ff9d86c0000 - 0x00007ff9d86f1000 	C:\WINDOWS\System32\IMM32.DLL
0x00007ff9d2360000 - 0x00007ff9d236c000 	C:\Program Files\Java\jdk-19\bin\vcruntime140_1.dll
0x00007ff9c3380000 - 0x00007ff9c340e000 	C:\Program Files\Java\jdk-19\bin\msvcp140.dll
0x00007ff996390000 - 0x00007ff997050000 	C:\Program Files\Java\jdk-19\bin\server\jvm.dll
0x00007ff9cf340000 - 0x00007ff9cf374000 	C:\WINDOWS\SYSTEM32\WINMM.dll
0x00007ff9c1640000 - 0x00007ff9c1649000 	C:\WINDOWS\SYSTEM32\WSOCK32.dll
0x00007ff9d8c40000 - 0x00007ff9d8cb1000 	C:\WINDOWS\System32\WS2_32.dll
0x00007ff9d6240000 - 0x00007ff9d6258000 	C:\WINDOWS\SYSTEM32\kernel.appcore.dll
0x00007ff9c5d70000 - 0x00007ff9c5d7a000 	C:\Program Files\Java\jdk-19\bin\jimage.dll
0x00007ff9d4c10000 - 0x00007ff9d4e42000 	C:\WINDOWS\SYSTEM32\DBGHELP.DLL
0x00007ff9d81c0000 - 0x00007ff9d8548000 	C:\WINDOWS\System32\combase.dll
0x00007ff9d7d70000 - 0x00007ff9d7e47000 	C:\WINDOWS\System32\OLEAUT32.dll
0x00007ff9c1a60000 - 0x00007ff9c1a92000 	C:\WINDOWS\SYSTEM32\dbgcore.DLL
0x00007ff9d7b00000 - 0x00007ff9d7b79000 	C:\WINDOWS\System32\bcryptPrimitives.dll
0x00007ff9c5880000 - 0x00007ff9c588e000 	C:\Program Files\Java\jdk-19\bin\instrument.dll
0x00007ff9c3f00000 - 0x00007ff9c3f26000 	C:\Program Files\Java\jdk-19\bin\java.dll
0x00007ff9c2460000 - 0x00007ff9c2537000 	C:\Program Files\Java\jdk-19\bin\jsvml.dll
0x00007ff9d8cc0000 - 0x00007ff9d951c000 	C:\WINDOWS\System32\SHELL32.dll
0x00007ff9d5070000 - 0x00007ff9d5966000 	C:\WINDOWS\SYSTEM32\windows.storage.dll
0x00007ff9d4f30000 - 0x00007ff9d506e000 	C:\WINDOWS\SYSTEM32\wintypes.dll
0x00007ff9d9a50000 - 0x00007ff9d9b45000 	C:\WINDOWS\System32\SHCORE.dll
0x00007ff9d80d0000 - 0x00007ff9d812e000 	C:\WINDOWS\System32\shlwapi.dll
0x00007ff9d70a0000 - 0x00007ff9d70c1000 	C:\WINDOWS\SYSTEM32\profapi.dll
0x00007ff9c3d90000 - 0x00007ff9c3da8000 	C:\Program Files\Java\jdk-19\bin\zip.dll
0x00007ff9c3dd0000 - 0x00007ff9c3de3000 	C:\Program Files\Java\jdk-19\bin\net.dll
0x00007ff9cf400000 - 0x00007ff9cf536000 	C:\WINDOWS\SYSTEM32\WINHTTP.dll
0x00007ff9d66a0000 - 0x00007ff9d6709000 	C:\WINDOWS\system32\mswsock.dll
0x00007ff9c3db0000 - 0x00007ff9c3dc6000 	C:\Program Files\Java\jdk-19\bin\nio.dll
0x00007ff9c3000000 - 0x00007ff9c301a000 	C:\Program Files\JetBrains\IntelliJ IDEA 2024.1.2\bin\breakgen64.dll
0x00007ff9c3f90000 - 0x00007ff9c3f98000 	C:\Program Files\Java\jdk-19\bin\extnet.dll
0x00007ff9d5cb0000 - 0x00007ff9d5da8000 	C:\WINDOWS\SYSTEM32\DNSAPI.dll
0x00007ff9d5c40000 - 0x00007ff9d5c6d000 	C:\WINDOWS\SYSTEM32\IPHLPAPI.DLL
0x00007ff9d88f0000 - 0x00007ff9d88f9000 	C:\WINDOWS\System32\NSI.dll
0x00007ff9c8500000 - 0x00007ff9c850a000 	C:\Windows\System32\rasadhlp.dll
0x00007ff9ce7b0000 - 0x00007ff9ce833000 	C:\WINDOWS\System32\fwpuclnt.dll
0x00007ff9c2ff0000 - 0x00007ff9c2ffa000 	C:\Program Files\Java\jdk-19\bin\management.dll
0x00007ff9c2fe0000 - 0x00007ff9c2feb000 	C:\Program Files\Java\jdk-19\bin\management_ext.dll
0x00007ff9d9c00000 - 0x00007ff9d9c08000 	C:\WINDOWS\System32\PSAPI.DLL
0x00007ff9d69f0000 - 0x00007ff9d6a0b000 	C:\WINDOWS\SYSTEM32\CRYPTSP.dll
0x00007ff9d61a0000 - 0x00007ff9d61d5000 	C:\WINDOWS\system32\rsaenh.dll
0x00007ff9d6740000 - 0x00007ff9d6768000 	C:\WINDOWS\SYSTEM32\USERENV.dll
0x00007ff9d69d0000 - 0x00007ff9d69dc000 	C:\WINDOWS\SYSTEM32\CRYPTBASE.dll
0x00007ff9cf7b0000 - 0x00007ff9cf7c9000 	C:\WINDOWS\SYSTEM32\dhcpcsvc6.DLL
0x00007ff9cf300000 - 0x00007ff9cf31f000 	C:\WINDOWS\SYSTEM32\dhcpcsvc.DLL
0x00007ff9a3d40000 - 0x00007ff9a3d57000 	C:\WINDOWS\system32\napinsp.dll
0x00007ff9a3d60000 - 0x00007ff9a3d7b000 	C:\WINDOWS\system32\pnrpnsp.dll
0x00007ff9a3d20000 - 0x00007ff9a3d31000 	C:\WINDOWS\System32\winrnr.dll
0x00007ff9a3cd0000 - 0x00007ff9a3ce5000 	C:\WINDOWS\system32\wshbth.dll
0x00007ff9a3ca0000 - 0x00007ff9a3cc7000 	C:\WINDOWS\system32\nlansp_c.dll

dbghelp: loaded successfully - version: 4.0.5 - missing functions: none
symbol engine: initialized successfully - sym options: 0x614 - pdb path: .;C:\Program Files\Java\jdk-19\bin;C:\WINDOWS\SYSTEM32;C:\WINDOWS\WinSxS\amd64_microsoft.windows.common-controls_6595b64144ccf1df_6.0.22621.3527_none_270e469b73872a76;C:\Program Files\Java\jdk-19\bin\server;C:\Program Files\JetBrains\IntelliJ IDEA 2024.1.2\bin

VM Arguments:
jvm_args: -XX:TieredStopAtLevel=1 -Dspring.output.ansi.enabled=always -Dcom.sun.management.jmxremote -Dspring.jmx.enabled=true -Dspring.liveBeansView.mbeanDomain -Dspring.application.admin.enabled=true -Dmanagement.endpoints.jmx.exposure.include=* -javaagent:C:\Program Files\JetBrains\IntelliJ IDEA 2024.1.2\lib\idea_rt.jar=58661:C:\Program Files\JetBrains\IntelliJ IDEA 2024.1.2\bin -Dfile.encoding=UTF-8 -Dsun.stdout.encoding=UTF-8 -Dsun.stderr.encoding=UTF-8 
java_command: com.ecommerce.SpringBootEcommerceApplication
java_class_path (initial): F:\Full Stack Angular and Java Spring Boot E-Commerce Website\ecommerece-project\02-backend\spring-boot-ecommerce\target\classes;C:\Users\Mohamed Omara\.m2\repository\org\springframework\boot\spring-boot-starter-data-jpa\3.3.0\spring-boot-starter-data-jpa-3.3.0.jar;C:\Users\Mohamed Omara\.m2\repository\org\springframework\boot\spring-boot-starter-aop\3.3.0\spring-boot-starter-aop-3.3.0.jar;C:\Users\Mohamed Omara\.m2\repository\org\springframework\spring-aop\6.1.8\spring-aop-6.1.8.jar;C:\Users\Mohamed Omara\.m2\repository\org\aspectj\aspectjweaver\1.9.22\aspectjweaver-1.9.22.jar;C:\Users\Mohamed Omara\.m2\repository\org\springframework\boot\spring-boot-starter-jdbc\3.3.0\spring-boot-starter-jdbc-3.3.0.jar;C:\Users\Mohamed Omara\.m2\repository\com\zaxxer\HikariCP\5.1.0\HikariCP-5.1.0.jar;C:\Users\Mohamed Omara\.m2\repository\org\springframework\spring-jdbc\6.1.8\spring-jdbc-6.1.8.jar;C:\Users\Mohamed Omara\.m2\repository\org\hibernate\orm\hibernate-core\6.5.2.Final\hibernate-core-6.5.2.Final.jar;C:\Users\Mohamed Omara\.m2\repository\jakarta\persistence\jakarta.persistence-api\3.1.0\jakarta.persistence-api-3.1.0.jar;C:\Users\Mohamed Omara\.m2\repository\jakarta\transaction\jakarta.transaction-api\2.0.1\jakarta.transaction-api-2.0.1.jar;C:\Users\Mohamed Omara\.m2\repository\org\jboss\logging\jboss-logging\3.5.3.Final\jboss-logging-3.5.3.Final.jar;C:\Users\Mohamed Omara\.m2\repository\org\hibernate\common\hibernate-commons-annotations\6.0.6.Final\hibernate-commons-annotations-6.0.6.Final.jar;C:\Users\Mohamed Omara\.m2\repository\io\smallrye\jandex\3.1.2\jandex-3.1.2.jar;C:\Users\Mohamed Omara\.m2\repository\com\fasterxml\classmate\1.7.0\classmate-1.7.0.jar;C:\Users\Mohamed Omara\.m2\repository\net\bytebuddy\byte-buddy\1.14.16\byte-buddy-1.14.16.jar;C:\Users\Mohamed Omara\.m2\repository\org\glassfish\jaxb\jaxb-runtime\4.0.5\jaxb-runtime-4.0.5.jar;C:\Users\Mohamed Omara\.m2\repository\org\glassfish\jaxb\jaxb-core\4.0.5\jaxb-core-4.0.5.jar;C:\Users\Mohamed Omara\.m2\repository\org\eclipse\angus\angus-activation\2.0.2\angus-activation-2.0.2.jar;C:\Users\Mohamed Omara\.m2\repository\org\glassfish\jaxb\txw2\4.0.5\txw2-4.0.5.jar;C:\Users\Mohamed Omara\.m2\repository\com\sun\istack\istack-commons-runtime\4.1.2\istack-commons-runtime-4.1.2.jar;C:\Users\Mohamed Omara\.m2\repository\jakarta\inject\jakarta.inject-api\2.0.1\jakarta.inject-api-2.0.1.jar;C:\Users\Mohamed Omara\.m2\repository\org\antlr\antlr4-runtime\4.13.0\antlr4-runtime-4.13.0.jar;C:\Users\Mohamed Omara\.m2\repository\org\springframework\data\spring-data-jpa\3.3.0\spring-data-jpa-3.3.0.jar;C:\Users\Mohamed Omara\.m2\repository\org\springframework\data\spring-data-commons\3.3.0\spring-data-commons-3.3.0.jar;C:\Users\Mohamed Omara\.m2\repository\org\springframework\spring-orm\6.1.8\spring-orm-6.1.8.jar;C:\Users\Mohamed Omara\.m2\repository\org\springframework\spring-context\6.1.8\spring-context-6.1.8.jar;C:\Users\Mohamed Omara\.m2\repository\org\springframework\spring-tx\6.1.8\spring-tx-6.1.8.jar;C:\Users\Mohamed Omara\.m2\repository\org\springframework\spring-beans\6.1.8\spring-beans-6.1.8.jar;C:\Users\Mohamed Omara\.m2\repository\jakarta\annotation\jakarta.annotation-api\2.1.1\jakarta.annotation-api-2.1.1.jar;C:\Users\Mohamed Omara\.m2\repository\org\slf4j\slf4j-api\2.0.13\slf4j-api-2.0.13.jar;C:\Users\Mohamed Omara\.m2\repository\org\springframework\spring-aspects\6.1.8\spring-aspects-6.1.8.jar;C:\Users\Mohamed Omara\.m2\repository\org\springframework\boot\spring-boot-starter-web\3.3.0\spring-boot-starter-web-3.3.0.jar;C:\Users\Mohamed Omara\.m2\repository\org\springframework\boot\spring-boot-starter\3.3.0\spring-boot-starter-3.3.0.jar;C:\Users\Mohamed Omara\.m2\repository\org\springframework\boot\spring-boot\3.3.0\spring-boot-3.3.0.jar;C:\Users\Mohamed Omara\.m2\repository\org\springframework\boot\spring-boot-autoconfigure\3.3.0\spring-boot-autoconfigure-3.3.0.jar;C:\Users\Mohamed Omara\.m2\repository\org\springframework\boot\spring-boot-starter-logging\3.3.0\spring-boot-starter-logging-3.3.0.jar;C:\Users\Mohamed Omara\.m2\repository\ch\qos\logback\logback-classic\1.5.6\logback-classic-1.5.6.jar;C:\Users\Mohamed Omara\.m2\repository\ch\qos\logback\logback-core\1.5.6\logback-core-1.5.6.jar;C:\Users\Mohamed Omara\.m2\repository\org\apache\logging\log4j\log4j-to-slf4j\2.23.1\log4j-to-slf4j-2.23.1.jar;C:\Users\Mohamed Omara\.m2\repository\org\apache\logging\log4j\log4j-api\2.23.1\log4j-api-2.23.1.jar;C:\Users\Mohamed Omara\.m2\repository\org\slf4j\jul-to-slf4j\2.0.13\jul-to-slf4j-2.0.13.jar;C:\Users\Mohamed Omara\.m2\repository\org\yaml\snakeyaml\2.2\snakeyaml-2.2.jar;C:\Users\Mohamed Omara\.m2\repository\org\springframework\boot\spring-boot-starter-json\3.3.0\spring-boot-starter-json-3.3.0.jar;C:\Users\Mohamed Omara\.m2\repository\com\fasterxml\jackson\core\jackson-databind\2.17.1\jackson-databind-2.17.1.jar;C:\Users\Mohamed Omara\.m2\repository\com\fasterxml\jackson\core\jackson-core\2.17.1\jackson-core-2.17.1.jar;C:\Users\Mohamed Omara\.m2\repository\com\fasterxml\jackson\datatype\jackson-datatype-jdk8\2.17.1\jackson-datatype-jdk8-2.17.1.jar;C:\Users\Mohamed Omara\.m2\repository\com\fasterxml\jackson\datatype\jackson-datatype-jsr310\2.17.1\jackson-datatype-jsr310-2.17.1.jar;C:\Users\Mohamed Omara\.m2\repository\com\fasterxml\jackson\module\jackson-module-parameter-names\2.17.1\jackson-module-parameter-names-2.17.1.jar;C:\Users\Mohamed Omara\.m2\repository\org\springframework\boot\spring-boot-starter-tomcat\3.3.0\spring-boot-starter-tomcat-3.3.0.jar;C:\Users\Mohamed Omara\.m2\repository\org\apache\tomcat\embed\tomcat-embed-core\10.1.24\tomcat-embed-core-10.1.24.jar;C:\Users\Mohamed Omara\.m2\repository\org\apache\tomcat\embed\tomcat-embed-el\10.1.24\tomcat-embed-el-10.1.24.jar;C:\Users\Mohamed Omara\.m2\repository\org\apache\tomcat\embed\tomcat-embed-websocket\10.1.24\tomcat-embed-websocket-10.1.24.jar;C:\Users\Mohamed Omara\.m2\repository\org\springframework\spring-web\6.1.8\spring-web-6.1.8.jar;C:\Users\Mohamed Omara\.m2\repository\io\micrometer\micrometer-observation\1.13.0\micrometer-observation-1.13.0.jar;C:\Users\Mohamed Omara\.m2\repository\io\micrometer\micrometer-commons\1.13.0\micrometer-commons-1.13.0.jar;C:\Users\Mohamed Omara\.m2\repository\org\springframework\spring-webmvc\6.1.8\spring-webmvc-6.1.8.jar;C:\Users\Mohamed Omara\.m2\repository\org\springframework\spring-expression\6.1.8\spring-expression-6.1.8.jar;C:\Users\Mohamed Omara\.m2\repository\org\springframework\boot\spring-boot-starter-data-rest\3.3.0\spring-boot-starter-data-rest-3.3.0.jar;C:\Users\Mohamed Omara\.m2\repository\org\springframework\data\spring-data-rest-webmvc\4.3.0\spring-data-rest-webmvc-4.3.0.jar;C:\Users\Mohamed Omara\.m2\repository\org\springframework\data\spring-data-rest-core\4.3.0\spring-data-rest-core-4.3.0.jar;C:\Users\Mohamed Omara\.m2\repository\org\springframework\hateoas\spring-hateoas\2.3.0\spring-hateoas-2.3.0.jar;C:\Users\Mohamed Omara\.m2\repository\org\springframework\plugin\spring-plugin-core\3.0.0\spring-plugin-core-3.0.0.jar;C:\Users\Mohamed Omara\.m2\repository\org\atteo\evo-inflector\1.3\evo-inflector-1.3.jar;C:\Users\Mohamed Omara\.m2\repository\com\fasterxml\jackson\core\jackson-annotations\2.17.1\jackson-annotations-2.17.1.jar;C:\Users\Mohamed Omara\.m2\repository\com\mysql\mysql-connector-j\8.3.0\mysql-connector-j-8.3.0.jar;C:\Users\Mohamed Omara\.m2\repository\org\projectlombok\lombok\1.18.32\lombok-1.18.32.jar;C:\Users\Mohamed Omara\.m2\repository\com\jayway\jsonpath\json-path\2.9.0\json-path-2.9.0.jar;C:\Users\Mohamed Omara\.m2\repository\jakarta\xml\bind\jakarta.xml.bind-api\4.0.2\jakarta.xml.bind-api-4.0.2.jar;C:\Users\Mohamed Omara\.m2\repository\jakarta\activation\jakarta.activation-api\2.1.3\jakarta.activation-api-2.1.3.jar;C:\Users\Mohamed Omara\.m2\repository\net\minidev\json-smart\2.5.1\json-smart-2.5.1.jar;C:\Users\Mohamed Omara\.m2\repository\net\minidev\accessors-smart\2.5.1\accessors-smart-2.5.1.jar;C:\Users\Mohamed Omara\.m2\repository\org\ow2\asm\asm\9.6\asm-9.6.jar;C:\Users\Mohamed Omara\.m2\repository\org\springframework\spring-core\6.1.8\spring-core-6.1.8.jar;C:\Users\Mohamed Omara\.m2\repository\org\springframework\spring-jcl\6.1.8\spring-jcl-6.1.8.jar
Launcher Type: SUN_STANDARD

[Global flags]
     intx CICompilerCount                          = 4                                         {product} {ergonomic}
     uint ConcGCThreads                            = 2                                         {product} {ergonomic}
     uint G1ConcRefinementThreads                  = 8                                         {product} {ergonomic}
   size_t G1HeapRegionSize                         = 1048576                                   {product} {ergonomic}
    uintx GCDrainStackTargetSize                   = 64                                        {product} {ergonomic}
   size_t InitialHeapSize                          = 134217728                                 {product} {ergonomic}
     bool ManagementServer                         = true                                      {product} {command line}
   size_t MarkStackSize                            = 4194304                                   {product} {ergonomic}
   size_t MaxHeapSize                              = 2122317824                                {product} {ergonomic}
   size_t MaxNewSize                               = 1272971264                                {product} {ergonomic}
   size_t MinHeapDeltaBytes                        = 1048576                                   {product} {ergonomic}
   size_t MinHeapSize                              = 8388608                                   {product} {ergonomic}
    uintx NonProfiledCodeHeapSize                  = 0                                      {pd product} {ergonomic}
     bool ProfileInterpreter                       = false                                  {pd product} {command line}
    uintx ProfiledCodeHeapSize                     = 0                                      {pd product} {ergonomic}
   size_t SoftMaxHeapSize                          = 2122317824                             {manageable} {ergonomic}
     intx TieredStopAtLevel                        = 1                                         {product} {command line}
     bool UseCompressedClassPointers               = true                           {product lp64_product} {ergonomic}
     bool UseCompressedOops                        = true                           {product lp64_product} {ergonomic}
     bool UseG1GC                                  = true                                      {product} {ergonomic}
     bool UseLargePagesIndividualAllocation        = false                                  {pd product} {ergonomic}

Logging:
Log output configuration:
 #0: stdout all=warning uptime,level,tags foldmultilines=false
 #1: stderr all=off uptime,level,tags foldmultilines=false

Environment Variables:
JAVA_HOME=C:\Program Files\Java\jdk-17
PATH=C:\Program Files (x86)\VMware\VMware Player\bin\;D:\dbOracle\db_home\bin;C:\Program Files\Common Files\Oracle\Java\javapath;C:\WINDOWS\system32;C:\WINDOWS;C:\WINDOWS\System32\Wbem;C:\WINDOWS\System32\WindowsPowerShell\v1.0\;C:\WINDOWS\System32\OpenSSH\;C:\Program Files\Git\cmd;C:\Program Files\nodejs\;E:\FCI\4rd term 2 CS\apache-maven-3.8.5\bin;C:\Program Files\dotnet\;C:\Program Files\MongoDB\Server\6.0\bin;C:\Program Files\Java\jdk-17\bin;C:\Program Files (x86)\Microsoft SQL Server\160\Tools\Binn\;C:\Program Files\Microsoft SQL Server\160\Tools\Binn\;C:\Program Files\Microsoft SQL Server\Client SDK\ODBC\170\Tools\Binn\;C:\Program Files\Microsoft SQL Server\160\DTS\Binn\;C:\Program Files (x86)\Microsoft SQL Server\160\DTS\Binn\;C:\Program Files\Azure Data Studio\bin;C:\Program Files\apache-maven-3.9.1\bin;C:\Program Files\MySQL\MySQL Shell 8.0\bin\;C:\Program Files\Common Files\Oracle\Java\javapath;C:\Program Files (x86)\Common Files\Oracle\Java\javapath;C:\WINDOWS\system32;C:\WINDOWS;C:\WINDOWS\System32\Wbem;C:\WINDOWS\System32\WindowsPowerShell\v1.0\;C:\WINDOWS\System32\OpenSSH\;C:\Program Files (x86)\Brackets\command;C:\Program Files\Docker\Docker\resources\bin;C:\ProgramData\DockerDesktop\version-bin;C:\Program Files\Git\cmd;C:\Program Files\nodejs\;E:\FCI\4rd term 2 CS\apache-maven-3.8.5\bin;C:\Program Files\Java\jdk-17\bin;C:\Users\Mohamed Omara\AppData\Local\Microsoft\WindowsApps;C:\Users\Mohamed Omara\AppData\Roaming\npm;C:\Users\Mohamed Omara\AppData\Local\Programs\Microsoft VS Code\bin;C:\Program Files\heroku\bin;C:\Python39\Scripts;C:\Users\Mohamed Omara\.dotnet\tools;C:\Users\Mohamed Omara\AppData\Local\Programs\mongosh\;C:\Users\Mohamed Omara\AppData\Local\Microsoft\WindowsApps;C:\Program Files\Azure Data Studio\bin;C:\Program Files\JetBrains\IntelliJ IDEA Community Edition 2023.1.1\bin;;C:\Users\Mohamed Omara\AppData\Local\GitHubDesktop\bin;C:\Program Files\JetBrains\IntelliJ IDEA 2024.1.2\bin;
USERNAME=Mohamed Omara
OS=Windows_NT
PROCESSOR_IDENTIFIER=Intel64 Family 6 Model 142 Stepping 10, GenuineIntel
TMP=C:\Users\MOHAME~1\AppData\Local\Temp
TEMP=C:\Users\MOHAME~1\AppData\Local\Temp



---------------  S Y S T E M  ---------------

OS:
 Windows 11 , 64 bit Build 22621 (10.0.22621.3527)
OS uptime: 1 days 23:58 hours
Hyper-V role detected

CPU: total 8 (initial active 8) (4 cores per cpu, 2 threads per core) family 6 model 142 stepping 10 microcode 0xf0, cx8, cmov, fxsr, ht, mmx, 3dnowpref, sse, sse2, sse3, ssse3, sse4.1, sse4.2, popcnt, lzcnt, tsc, tscinvbit, avx, avx2, aes, erms, clmul, bmi1, bmi2, adx, fma, vzeroupper, clflush, clflushopt, hv, rdtscp

Memory: 4k page, system-wide physical 8089M (1200M free)
TotalPageFile size 10136M (AvailPageFile size 1M)
current process WorkingSet (physical memory assigned to process): 79M, peak: 79M
current process commit charge ("private bytes"): 225M, peak: 225M

vm_info: Java HotSpot(TM) 64-Bit Server VM (19.0.1+10-21) for windows-amd64 JRE (19.0.1+10-21), built on 2022-09-14T12:45:06Z by "mach5one" with MS VC++ 17.1 (VS2022)

END.
